11:12:31.635 INFO - Launching a standalone Selenium Server
11:12:31.668 INFO - Java: Oracle Corporation 25.60-b23
11:12:31.668 INFO - OS: Mac OS X 10.11.1 x86_64
11:12:31.678 INFO - v2.53.0, with Core v2.53.0. Built from revision 35ae25b
11:12:31.741 INFO - Driver provider org.openqa.selenium.ie.InternetExplorerDriver registration is skipped:
registration capabilities Capabilities [{ensureCleanSession=true, browserName=internet explorer, version=, platform=WINDOWS}] does not match the current platform MAC
11:12:31.741 INFO - Driver provider org.openqa.selenium.edge.EdgeDriver registration is skipped:
registration capabilities Capabilities [{browserName=MicrosoftEdge, version=, platform=WINDOWS}] does not match the current platform MAC
11:12:31.741 INFO - Driver class not found: com.opera.core.systems.OperaDriver
11:12:31.742 INFO - Driver provider com.opera.core.systems.OperaDriver is not registered
11:12:31.744 INFO - Driver class not found: org.openqa.selenium.htmlunit.HtmlUnitDriver
11:12:31.744 INFO - Driver provider org.openqa.selenium.htmlunit.HtmlUnitDriver is not registered
11:12:31.806 INFO - RemoteWebDriver instances should connect to: http://127.0.0.1:4444/wd/hub
11:12:31.806 INFO - Selenium Server is up and running
11:12:32.081 INFO - Executing: [new session: Capabilities [{acceptSslCerts=true, name=Facebookjourney, browserName=chrome, javascriptEnabled=true, chromeOptions={args=[Mozilla/5.0 (iPhone; CPU iPhone OS 5_0 like Mac OS X) AppleWebKit/534.46
            (KHTML, like Gecko) Version/5.1 Mobile/9A334 Safari/7534.48.3, --window-size=640,1136]}, platform=ANY}]])
11:12:32.090 INFO - Creating a new session for Capabilities [{acceptSslCerts=true, name=Facebookjourney, browserName=chrome, javascriptEnabled=true, chromeOptions={args=[Mozilla/5.0 (iPhone; CPU iPhone OS 5_0 like Mac OS X) AppleWebKit/534.46
            (KHTML, like Gecko) Version/5.1 Mobile/9A334 Safari/7534.48.3, --window-size=640,1136]}, platform=ANY}]
Starting ChromeDriver 2.27.440174 (e97a722caafc2d3a8b807ee115bfb307f7d2cfd9) on port 6653
Only local connections are allowed.
11:12:33.489 INFO - Done: [new session: Capabilities [{acceptSslCerts=true, name=Facebookjourney, browserName=chrome, javascriptEnabled=true, chromeOptions={args=[Mozilla/5.0 (iPhone; CPU iPhone OS 5_0 like Mac OS X) AppleWebKit/534.46
            (KHTML, like Gecko) Version/5.1 Mobile/9A334 Safari/7534.48.3, --window-size=640,1136]}, platform=ANY}]]
11:12:33.522 INFO - Executing: [get: https://boughtbymany.com/offers/pet-insurance/landing-claim-your-discount/])
11:12:35.637 INFO - Done: [get: https://boughtbymany.com/offers/pet-insurance/landing-claim-your-discount/]
11:12:35.643 INFO - Executing: [maximise window])
11:12:36.358 INFO - Done: [maximise window]
11:12:36.438 INFO - Executing: [find elements: By.cssSelector: #button-join-via-facebook])
11:12:36.763 INFO - Done: [find elements: By.cssSelector: #button-join-via-facebook]
11:12:36.771 INFO - Executing: [is displayed: 0 [[ChromeDriver: chrome on MAC (110dc4fbab710b99de34d591d50ca6b9)] -> css selector: #button-join-via-facebook]])
11:12:36.794 INFO - Done: [is displayed: 0 [[ChromeDriver: chrome on MAC (110dc4fbab710b99de34d591d50ca6b9)] -> css selector: #button-join-via-facebook]]
11:12:36.799 INFO - Executing: [find element: By.cssSelector: #button-join-via-facebook])
11:12:36.833 INFO - Done: [find element: By.cssSelector: #button-join-via-facebook]
11:12:36.836 INFO - Executing: [click: 0 [[ChromeDriver: chrome on MAC (110dc4fbab710b99de34d591d50ca6b9)] -> css selector: #button-join-via-facebook]])
11:12:37.574 INFO - Done: [click: 0 [[ChromeDriver: chrome on MAC (110dc4fbab710b99de34d591d50ca6b9)] -> css selector: #button-join-via-facebook]]
11:12:37.585 INFO - Executing: [find elements: By.cssSelector: #email])
11:12:37.605 INFO - Done: [find elements: By.cssSelector: #email]
11:12:37.608 INFO - Executing: [is displayed: 4 [[ChromeDriver: chrome on MAC (110dc4fbab710b99de34d591d50ca6b9)] -> css selector: #email]])
11:12:37.637 INFO - Done: [is displayed: 4 [[ChromeDriver: chrome on MAC (110dc4fbab710b99de34d591d50ca6b9)] -> css selector: #email]]
11:12:37.642 INFO - Executing: [find element: By.cssSelector: #email])
11:12:37.662 INFO - Done: [find element: By.cssSelector: #email]
11:12:37.666 INFO - Executing: [send keys: 4 [[ChromeDriver: chrome on MAC (110dc4fbab710b99de34d591d50ca6b9)] -> css selector: #email], [v, e, n, k, a, t, d, o, t, t, e, j, a, @, g, m, a, i, l, ., c, o, m]])
11:12:37.775 INFO - Done: [send keys: 4 [[ChromeDriver: chrome on MAC (110dc4fbab710b99de34d591d50ca6b9)] -> css selector: #email], [v, e, n, k, a, t, d, o, t, t, e, j, a, @, g, m, a, i, l, ., c, o, m]]
11:12:37.784 INFO - Executing: [find elements: By.cssSelector: #pass])
11:12:37.807 INFO - Done: [find elements: By.cssSelector: #pass]
11:12:37.810 INFO - Executing: [is displayed: 5 [[ChromeDriver: chrome on MAC (110dc4fbab710b99de34d591d50ca6b9)] -> css selector: #pass]])
11:12:37.829 INFO - Done: [is displayed: 5 [[ChromeDriver: chrome on MAC (110dc4fbab710b99de34d591d50ca6b9)] -> css selector: #pass]]
11:12:37.833 INFO - Executing: [find element: By.cssSelector: #pass])
11:12:37.854 INFO - Done: [find element: By.cssSelector: #pass]
11:12:37.858 INFO - Executing: [send keys: 5 [[ChromeDriver: chrome on MAC (110dc4fbab710b99de34d591d50ca6b9)] -> css selector: #pass], [S, o, n, y, H, p, D, e, l, l, 3]])
11:12:37.938 INFO - Done: [send keys: 5 [[ChromeDriver: chrome on MAC (110dc4fbab710b99de34d591d50ca6b9)] -> css selector: #pass], [S, o, n, y, H, p, D, e, l, l, 3]]
11:12:37.941 INFO - Executing: [find element: By.cssSelector: #loginbutton])
11:12:37.964 INFO - Done: [find element: By.cssSelector: #loginbutton]
11:12:37.967 INFO - Executing: [click: 6 [[ChromeDriver: chrome on MAC (110dc4fbab710b99de34d591d50ca6b9)] -> css selector: #loginbutton]])
11:12:40.710 INFO - Done: [click: 6 [[ChromeDriver: chrome on MAC (110dc4fbab710b99de34d591d50ca6b9)] -> css selector: #loginbutton]]
11:12:40.716 INFO - Executing: [find elements: By.cssSelector: #done-sharing])
11:12:40.737 INFO - Done: [find elements: By.cssSelector: #done-sharing]
11:12:40.742 INFO - Executing: [is displayed: 7 [[ChromeDriver: chrome on MAC (110dc4fbab710b99de34d591d50ca6b9)] -> css selector: #done-sharing]])
11:12:40.787 INFO - Done: [is displayed: 7 [[ChromeDriver: chrome on MAC (110dc4fbab710b99de34d591d50ca6b9)] -> css selector: #done-sharing]]
11:12:40.791 INFO - Executing: [find element: By.cssSelector: #done-sharing])
11:12:40.815 INFO - Done: [find element: By.cssSelector: #done-sharing]
11:12:40.818 INFO - Executing: [click: 7 [[ChromeDriver: chrome on MAC (110dc4fbab710b99de34d591d50ca6b9)] -> css selector: #done-sharing]])
11:12:41.135 INFO - Done: [click: 7 [[ChromeDriver: chrome on MAC (110dc4fbab710b99de34d591d50ca6b9)] -> css selector: #done-sharing]]
11:12:41.168 INFO - Executing: [new session: Capabilities [{acceptSslCerts=true, name=Qandb, browserName=chrome, javascriptEnabled=true, chromeOptions={args=[Mozilla/5.0 (iPhone; CPU iPhone OS 5_0 like Mac OS X) AppleWebKit/534.46
            (KHTML, like Gecko) Version/5.1 Mobile/9A334 Safari/7534.48.3, --window-size=640,1136]}, platform=ANY}]])
11:12:41.170 INFO - Creating a new session for Capabilities [{acceptSslCerts=true, name=Qandb, browserName=chrome, javascriptEnabled=true, chromeOptions={args=[Mozilla/5.0 (iPhone; CPU iPhone OS 5_0 like Mac OS X) AppleWebKit/534.46
            (KHTML, like Gecko) Version/5.1 Mobile/9A334 Safari/7534.48.3, --window-size=640,1136]}, platform=ANY}]
Starting ChromeDriver 2.27.440174 (e97a722caafc2d3a8b807ee115bfb307f7d2cfd9) on port 18870
Only local connections are allowed.
11:12:42.357 INFO - Done: [new session: Capabilities [{acceptSslCerts=true, name=Qandb, browserName=chrome, javascriptEnabled=true, chromeOptions={args=[Mozilla/5.0 (iPhone; CPU iPhone OS 5_0 like Mac OS X) AppleWebKit/534.46
            (KHTML, like Gecko) Version/5.1 Mobile/9A334 Safari/7534.48.3, --window-size=640,1136]}, platform=ANY}]]
11:12:42.362 INFO - Executing: [get: https://bbm:bbm66m@uat.boughtbymany.com/quotes/cat-dog/#/pet-details])
11:12:44.502 INFO - Done: [get: https://bbm:bbm66m@uat.boughtbymany.com/quotes/cat-dog/#/pet-details]
11:12:44.506 INFO - Executing: [maximise window])
11:12:45.122 INFO - Done: [maximise window]
11:12:45.151 INFO - Executing: [find element: By.cssSelector: #id_username])
11:12:45.224 INFO - Done: [find element: By.cssSelector: #id_username]
11:12:45.229 INFO - Executing: [is displayed: 0 [[ChromeDriver: chrome on MAC (336128050aceec829bca56e616ba7dd7)] -> css selector: #id_username]])
11:12:45.312 INFO - Done: [is displayed: 0 [[ChromeDriver: chrome on MAC (336128050aceec829bca56e616ba7dd7)] -> css selector: #id_username]]
11:12:45.322 INFO - Executing: [find element: By.cssSelector: #id_username])
11:12:46.419 INFO - Done: [find element: By.cssSelector: #id_username]
11:12:46.423 INFO - Executing: [send keys: 0 [[ChromeDriver: chrome on MAC (336128050aceec829bca56e616ba7dd7)] -> css selector: #id_username], [s, u, r, y, a, @, b, o, u, g, h, t, b, y, m, a, n, y, ., c, o, m]])
11:12:46.555 INFO - Done: [send keys: 0 [[ChromeDriver: chrome on MAC (336128050aceec829bca56e616ba7dd7)] -> css selector: #id_username], [s, u, r, y, a, @, b, o, u, g, h, t, b, y, m, a, n, y, ., c, o, m]]
11:12:46.560 INFO - Executing: [find element: By.cssSelector: #id_password])
11:12:46.581 INFO - Done: [find element: By.cssSelector: #id_password]
11:12:46.587 INFO - Executing: [send keys: 1 [[ChromeDriver: chrome on MAC (336128050aceec829bca56e616ba7dd7)] -> css selector: #id_password], [S, o, n, y, H, p, D, e, l, l, 3]])
11:12:46.727 INFO - Done: [send keys: 1 [[ChromeDriver: chrome on MAC (336128050aceec829bca56e616ba7dd7)] -> css selector: #id_password], [S, o, n, y, H, p, D, e, l, l, 3]]
11:12:46.731 INFO - Executing: [find element: By.cssSelector: body .form-wrap .button])
11:12:46.759 INFO - Done: [find element: By.cssSelector: body .form-wrap .button]
11:12:46.762 INFO - Executing: [click: 2 [[ChromeDriver: chrome on MAC (336128050aceec829bca56e616ba7dd7)] -> css selector: body .form-wrap .button]])
11:12:48.989 INFO - Done: [click: 2 [[ChromeDriver: chrome on MAC (336128050aceec829bca56e616ba7dd7)] -> css selector: body .form-wrap .button]]
11:12:48.993 INFO - Executing: [find elements: By.cssSelector: .panel-pet-details])
11:12:49.052 INFO - Done: [find elements: By.cssSelector: .panel-pet-details]
11:12:49.056 INFO - Executing: [is displayed: 3 [[ChromeDriver: chrome on MAC (336128050aceec829bca56e616ba7dd7)] -> css selector: .panel-pet-details]])
11:12:49.341 INFO - Done: [is displayed: 3 [[ChromeDriver: chrome on MAC (336128050aceec829bca56e616ba7dd7)] -> css selector: .panel-pet-details]]
11:12:49.363 INFO - Executing: [find elements: By.cssSelector: #app > div > section > div.splash.fullheight > div > a])
11:12:49.408 INFO - Done: [find elements: By.cssSelector: #app > div > section > div.splash.fullheight > div > a]
11:12:49.413 INFO - Executing: [is displayed: 4 [[ChromeDriver: chrome on MAC (336128050aceec829bca56e616ba7dd7)] -> css selector: #app > div > section > div.splash.fullheight > div > a]])
11:12:49.438 INFO - Done: [is displayed: 4 [[ChromeDriver: chrome on MAC (336128050aceec829bca56e616ba7dd7)] -> css selector: #app > div > section > div.splash.fullheight > div > a]]
11:12:49.442 INFO - Executing: [find element: By.cssSelector: #app > div > section > div.splash.fullheight > div > a])
11:12:49.467 INFO - Done: [find element: By.cssSelector: #app > div > section > div.splash.fullheight > div > a]
11:12:49.472 INFO - Executing: [click: 4 [[ChromeDriver: chrome on MAC (336128050aceec829bca56e616ba7dd7)] -> css selector: #app > div > section > div.splash.fullheight > div > a]])
11:12:49.556 INFO - Done: [click: 4 [[ChromeDriver: chrome on MAC (336128050aceec829bca56e616ba7dd7)] -> css selector: #app > div > section > div.splash.fullheight > div > a]]
11:12:50.563 INFO - Executing: [find element: By.cssSelector: #insured_entities_1_species .mutt-natural-trigger])
11:12:50.585 INFO - Done: [find element: By.cssSelector: #insured_entities_1_species .mutt-natural-trigger]
11:12:50.588 INFO - Executing: [click: 5 [[ChromeDriver: chrome on MAC (336128050aceec829bca56e616ba7dd7)] -> css selector: #insured_entities_1_species .mutt-natural-trigger]])
11:12:50.647 INFO - Done: [click: 5 [[ChromeDriver: chrome on MAC (336128050aceec829bca56e616ba7dd7)] -> css selector: #insured_entities_1_species .mutt-natural-trigger]]
11:12:50.651 INFO - Executing: [find elements: By.cssSelector: #insured_entities_1_species > div > div.mutt-natural-modal-inner > div > div:nth-child(2) > label])
11:12:50.695 INFO - Done: [find elements: By.cssSelector: #insured_entities_1_species > div > div.mutt-natural-modal-inner > div > div:nth-child(2) > label]
11:12:50.697 INFO - Executing: [is displayed: 6 [[ChromeDriver: chrome on MAC (336128050aceec829bca56e616ba7dd7)] -> css selector: #insured_entities_1_species > div > div.mutt-natural-modal-inner > div > div:nth-child(2) > label]])
11:12:50.719 INFO - Done: [is displayed: 6 [[ChromeDriver: chrome on MAC (336128050aceec829bca56e616ba7dd7)] -> css selector: #insured_entities_1_species > div > div.mutt-natural-modal-inner > div > div:nth-child(2) > label]]
11:12:50.724 INFO - Executing: [find element: By.cssSelector: #insured_entities_1_species > div > div.mutt-natural-modal-inner > div > div:nth-child(2) > label])
11:12:50.747 INFO - Done: [find element: By.cssSelector: #insured_entities_1_species > div > div.mutt-natural-modal-inner > div > div:nth-child(2) > label]
11:12:50.751 INFO - Executing: [click: 6 [[ChromeDriver: chrome on MAC (336128050aceec829bca56e616ba7dd7)] -> css selector: #insured_entities_1_species > div > div.mutt-natural-modal-inner > div > div:nth-child(2) > label]])
11:12:50.822 INFO - Done: [click: 6 [[ChromeDriver: chrome on MAC (336128050aceec829bca56e616ba7dd7)] -> css selector: #insured_entities_1_species > div > div.mutt-natural-modal-inner > div > div:nth-child(2) > label]]
11:12:50.828 INFO - Executing: [find elements: By.cssSelector: #insured_entities_1_pet_name .mutt-natural-trigger])
11:12:50.852 INFO - Done: [find elements: By.cssSelector: #insured_entities_1_pet_name .mutt-natural-trigger]
11:12:50.856 INFO - Executing: [is displayed: 7 [[ChromeDriver: chrome on MAC (336128050aceec829bca56e616ba7dd7)] -> css selector: #insured_entities_1_pet_name .mutt-natural-trigger]])
11:12:50.880 INFO - Done: [is displayed: 7 [[ChromeDriver: chrome on MAC (336128050aceec829bca56e616ba7dd7)] -> css selector: #insured_entities_1_pet_name .mutt-natural-trigger]]
11:12:50.884 INFO - Executing: [find element: By.cssSelector: #insured_entities_1_pet_name .mutt-natural-trigger])
11:12:50.914 INFO - Done: [find element: By.cssSelector: #insured_entities_1_pet_name .mutt-natural-trigger]
11:12:50.923 INFO - Executing: [click: 7 [[ChromeDriver: chrome on MAC (336128050aceec829bca56e616ba7dd7)] -> css selector: #insured_entities_1_pet_name .mutt-natural-trigger]])
11:12:50.997 INFO - Done: [click: 7 [[ChromeDriver: chrome on MAC (336128050aceec829bca56e616ba7dd7)] -> css selector: #insured_entities_1_pet_name .mutt-natural-trigger]]
11:12:50.999 INFO - Executing: [find elements: By.cssSelector: #insured_entities_1_pet_name > div > div.mutt-natural-modal-inner > input])
11:12:51.031 INFO - Done: [find elements: By.cssSelector: #insured_entities_1_pet_name > div > div.mutt-natural-modal-inner > input]
11:12:51.036 INFO - Executing: [is displayed: 8 [[ChromeDriver: chrome on MAC (336128050aceec829bca56e616ba7dd7)] -> css selector: #insured_entities_1_pet_name > div > div.mutt-natural-modal-inner > input]])
11:12:51.059 INFO - Done: [is displayed: 8 [[ChromeDriver: chrome on MAC (336128050aceec829bca56e616ba7dd7)] -> css selector: #insured_entities_1_pet_name > div > div.mutt-natural-modal-inner > input]]
11:12:51.063 INFO - Executing: [find element: By.cssSelector: #insured_entities_1_pet_name > div > div.mutt-natural-modal-inner > input])
11:12:51.088 INFO - Done: [find element: By.cssSelector: #insured_entities_1_pet_name > div > div.mutt-natural-modal-inner > input]
11:12:51.092 INFO - Executing: [send keys: 8 [[ChromeDriver: chrome on MAC (336128050aceec829bca56e616ba7dd7)] -> css selector: #insured_entities_1_pet_name > div > div.mutt-natural-modal-inner > input], [t, e, s, t]])
11:12:51.157 INFO - Done: [send keys: 8 [[ChromeDriver: chrome on MAC (336128050aceec829bca56e616ba7dd7)] -> css selector: #insured_entities_1_pet_name > div > div.mutt-natural-modal-inner > input], [t, e, s, t]]
11:12:51.161 INFO - Executing: [find element: By.cssSelector: #insured_entities_1_pet_name > div > div.mutt-natural-modal-inner > button])
11:12:51.182 INFO - Done: [find element: By.cssSelector: #insured_entities_1_pet_name > div > div.mutt-natural-modal-inner > button]
11:12:51.184 INFO - Executing: [click: 9 [[ChromeDriver: chrome on MAC (336128050aceec829bca56e616ba7dd7)] -> css selector: #insured_entities_1_pet_name > div > div.mutt-natural-modal-inner > button]])
11:12:51.242 INFO - Done: [click: 9 [[ChromeDriver: chrome on MAC (336128050aceec829bca56e616ba7dd7)] -> css selector: #insured_entities_1_pet_name > div > div.mutt-natural-modal-inner > button]]
11:12:51.245 INFO - Executing: [find elements: By.cssSelector: #insured_entities_1_breed .mutt-natural-trigger])
11:12:51.275 INFO - Done: [find elements: By.cssSelector: #insured_entities_1_breed .mutt-natural-trigger]
11:12:51.278 INFO - Executing: [is displayed: 10 [[ChromeDriver: chrome on MAC (336128050aceec829bca56e616ba7dd7)] -> css selector: #insured_entities_1_breed .mutt-natural-trigger]])
11:12:51.301 INFO - Done: [is displayed: 10 [[ChromeDriver: chrome on MAC (336128050aceec829bca56e616ba7dd7)] -> css selector: #insured_entities_1_breed .mutt-natural-trigger]]
11:12:51.306 INFO - Executing: [find element: By.cssSelector: #insured_entities_1_breed .mutt-natural-trigger])
11:12:51.345 INFO - Done: [find element: By.cssSelector: #insured_entities_1_breed .mutt-natural-trigger]
11:12:51.348 INFO - Executing: [click: 10 [[ChromeDriver: chrome on MAC (336128050aceec829bca56e616ba7dd7)] -> css selector: #insured_entities_1_breed .mutt-natural-trigger]])
11:12:51.423 INFO - Done: [click: 10 [[ChromeDriver: chrome on MAC (336128050aceec829bca56e616ba7dd7)] -> css selector: #insured_entities_1_breed .mutt-natural-trigger]]
11:12:51.426 INFO - Executing: [find element: By.cssSelector: #breed-modal-1 > div > div > div.mutt-field-radio-item.mutt-field-radio-item--first > label])
11:12:51.451 INFO - Done: [find element: By.cssSelector: #breed-modal-1 > div > div > div.mutt-field-radio-item.mutt-field-radio-item--first > label]
11:12:51.456 INFO - Executing: [click: 11 [[ChromeDriver: chrome on MAC (336128050aceec829bca56e616ba7dd7)] -> css selector: #breed-modal-1 > div > div > div.mutt-field-radio-item.mutt-field-radio-item--first > label]])
11:12:51.513 INFO - Done: [click: 11 [[ChromeDriver: chrome on MAC (336128050aceec829bca56e616ba7dd7)] -> css selector: #breed-modal-1 > div > div > div.mutt-field-radio-item.mutt-field-radio-item--first > label]]
11:12:51.515 INFO - Executing: [find element: By.cssSelector: #insured_entities_1_breed > div > div.mutt-natural-modal-inner.breed-modal > input.mutt-natural-autocomplete])
11:12:51.545 INFO - Done: [find element: By.cssSelector: #insured_entities_1_breed > div > div.mutt-natural-modal-inner.breed-modal > input.mutt-natural-autocomplete]
11:12:51.548 INFO - Executing: [send keys: 12 [[ChromeDriver: chrome on MAC (336128050aceec829bca56e616ba7dd7)] -> css selector: #insured_entities_1_breed > div > div.mutt-natural-modal-inner.breed-modal > input.mutt-natural-autocomplete], [p]])
11:12:51.597 INFO - Done: [send keys: 12 [[ChromeDriver: chrome on MAC (336128050aceec829bca56e616ba7dd7)] -> css selector: #insured_entities_1_breed > div > div.mutt-natural-modal-inner.breed-modal > input.mutt-natural-autocomplete], [p]]
11:12:52.103 INFO - Executing: [find element: By.cssSelector: #insured_entities_1_breed > div > div.mutt-natural-modal-inner.breed-modal > input.mutt-natural-autocomplete])
11:12:52.111 INFO - Done: [find element: By.cssSelector: #insured_entities_1_breed > div > div.mutt-natural-modal-inner.breed-modal > input.mutt-natural-autocomplete]
11:12:52.115 INFO - Executing: [send keys: 12 [[ChromeDriver: chrome on MAC (336128050aceec829bca56e616ba7dd7)] -> css selector: #insured_entities_1_breed > div > div.mutt-natural-modal-inner.breed-modal > input.mutt-natural-autocomplete], [u]])
11:12:52.138 INFO - Done: [send keys: 12 [[ChromeDriver: chrome on MAC (336128050aceec829bca56e616ba7dd7)] -> css selector: #insured_entities_1_breed > div > div.mutt-natural-modal-inner.breed-modal > input.mutt-natural-autocomplete], [u]]
11:12:52.646 INFO - Executing: [find element: By.cssSelector: #insured_entities_1_breed > div > div.mutt-natural-modal-inner.breed-modal > input.mutt-natural-autocomplete])
11:12:52.655 INFO - Done: [find element: By.cssSelector: #insured_entities_1_breed > div > div.mutt-natural-modal-inner.breed-modal > input.mutt-natural-autocomplete]
11:12:52.658 INFO - Executing: [send keys: 12 [[ChromeDriver: chrome on MAC (336128050aceec829bca56e616ba7dd7)] -> css selector: #insured_entities_1_breed > div > div.mutt-natural-modal-inner.breed-modal > input.mutt-natural-autocomplete], [g]])
11:12:52.676 INFO - Done: [send keys: 12 [[ChromeDriver: chrome on MAC (336128050aceec829bca56e616ba7dd7)] -> css selector: #insured_entities_1_breed > div > div.mutt-natural-modal-inner.breed-modal > input.mutt-natural-autocomplete], [g]]
11:12:53.184 INFO - Executing: [find elements: By.cssSelector: .mutt-autocomplete-dropdown.mutt-autocomplete-dropdown-show .mutt-autocomplete-dropdown__listitem[data-selectvalue="PUG"]])
11:12:53.204 INFO - Done: [find elements: By.cssSelector: .mutt-autocomplete-dropdown.mutt-autocomplete-dropdown-show .mutt-autocomplete-dropdown__listitem[data-selectvalue="PUG"]]
11:12:53.206 INFO - Executing: [is displayed: 13 [[ChromeDriver: chrome on MAC (336128050aceec829bca56e616ba7dd7)] -> css selector: .mutt-autocomplete-dropdown.mutt-autocomplete-dropdown-show .mutt-autocomplete-dropdown__listitem[data-selectvalue="PUG"]]])
11:12:53.225 INFO - Done: [is displayed: 13 [[ChromeDriver: chrome on MAC (336128050aceec829bca56e616ba7dd7)] -> css selector: .mutt-autocomplete-dropdown.mutt-autocomplete-dropdown-show .mutt-autocomplete-dropdown__listitem[data-selectvalue="PUG"]]]
11:12:53.227 INFO - Executing: [find element: By.cssSelector: .mutt-autocomplete-dropdown.mutt-autocomplete-dropdown-show .mutt-autocomplete-dropdown__listitem[data-selectvalue="PUG"]])
11:12:53.247 INFO - Done: [find element: By.cssSelector: .mutt-autocomplete-dropdown.mutt-autocomplete-dropdown-show .mutt-autocomplete-dropdown__listitem[data-selectvalue="PUG"]]
11:12:53.249 INFO - Executing: [click: 13 [[ChromeDriver: chrome on MAC (336128050aceec829bca56e616ba7dd7)] -> css selector: .mutt-autocomplete-dropdown.mutt-autocomplete-dropdown-show .mutt-autocomplete-dropdown__listitem[data-selectvalue="PUG"]]])
11:12:53.309 INFO - Done: [click: 13 [[ChromeDriver: chrome on MAC (336128050aceec829bca56e616ba7dd7)] -> css selector: .mutt-autocomplete-dropdown.mutt-autocomplete-dropdown-show .mutt-autocomplete-dropdown__listitem[data-selectvalue="PUG"]]]
11:12:53.312 INFO - Executing: [find element: By.cssSelector: #insured_entities_1_breed > div > div.mutt-natural-modal-inner.breed-modal > button])
11:12:53.334 INFO - Done: [find element: By.cssSelector: #insured_entities_1_breed > div > div.mutt-natural-modal-inner.breed-modal > button]
11:12:53.337 INFO - Executing: [click: 14 [[ChromeDriver: chrome on MAC (336128050aceec829bca56e616ba7dd7)] -> css selector: #insured_entities_1_breed > div > div.mutt-natural-modal-inner.breed-modal > button]])
11:12:53.390 INFO - Done: [click: 14 [[ChromeDriver: chrome on MAC (336128050aceec829bca56e616ba7dd7)] -> css selector: #insured_entities_1_breed > div > div.mutt-natural-modal-inner.breed-modal > button]]
11:12:53.392 INFO - Executing: [find elements: By.cssSelector: #insured_entities_1_dob .mutt-natural-trigger])
11:12:53.415 INFO - Done: [find elements: By.cssSelector: #insured_entities_1_dob .mutt-natural-trigger]
11:12:53.418 INFO - Executing: [is displayed: 15 [[ChromeDriver: chrome on MAC (336128050aceec829bca56e616ba7dd7)] -> css selector: #insured_entities_1_dob .mutt-natural-trigger]])
11:12:53.445 INFO - Done: [is displayed: 15 [[ChromeDriver: chrome on MAC (336128050aceec829bca56e616ba7dd7)] -> css selector: #insured_entities_1_dob .mutt-natural-trigger]]
11:12:53.447 INFO - Executing: [find element: By.cssSelector: #insured_entities_1_dob .mutt-natural-trigger])
11:12:53.471 INFO - Done: [find element: By.cssSelector: #insured_entities_1_dob .mutt-natural-trigger]
11:12:53.475 INFO - Executing: [click: 15 [[ChromeDriver: chrome on MAC (336128050aceec829bca56e616ba7dd7)] -> css selector: #insured_entities_1_dob .mutt-natural-trigger]])
11:12:53.548 INFO - Done: [click: 15 [[ChromeDriver: chrome on MAC (336128050aceec829bca56e616ba7dd7)] -> css selector: #insured_entities_1_dob .mutt-natural-trigger]]
11:12:53.551 INFO - Executing: [find elements: By.cssSelector: #insured_entities_1_dob > div > div.mutt-natural-modal-inner > div > select:nth-child(2)])
11:12:53.578 INFO - Done: [find elements: By.cssSelector: #insured_entities_1_dob > div > div.mutt-natural-modal-inner > div > select:nth-child(2)]
11:12:53.580 INFO - Executing: [is displayed: 16 [[ChromeDriver: chrome on MAC (336128050aceec829bca56e616ba7dd7)] -> css selector: #insured_entities_1_dob > div > div.mutt-natural-modal-inner > div > select:nth-child(2)]])
11:12:53.600 INFO - Done: [is displayed: 16 [[ChromeDriver: chrome on MAC (336128050aceec829bca56e616ba7dd7)] -> css selector: #insured_entities_1_dob > div > div.mutt-natural-modal-inner > div > select:nth-child(2)]]
11:12:53.604 INFO - Executing: [find element: By.cssSelector: #insured_entities_1_dob > div > div.mutt-natural-modal-inner > div > select:nth-child(2)])
11:12:53.626 INFO - Done: [find element: By.cssSelector: #insured_entities_1_dob > div > div.mutt-natural-modal-inner > div > select:nth-child(2)]
11:12:53.629 INFO - Executing: [click: 16 [[ChromeDriver: chrome on MAC (336128050aceec829bca56e616ba7dd7)] -> css selector: #insured_entities_1_dob > div > div.mutt-natural-modal-inner > div > select:nth-child(2)]])
11:12:53.770 INFO - Done: [click: 16 [[ChromeDriver: chrome on MAC (336128050aceec829bca56e616ba7dd7)] -> css selector: #insured_entities_1_dob > div > div.mutt-natural-modal-inner > div > select:nth-child(2)]]
11:12:53.775 INFO - Executing: [find elements: By.cssSelector: #insured_entities_1_dob > div > div.mutt-natural-modal-inner > div > select:nth-child(3)])
11:12:53.820 INFO - Done: [find elements: By.cssSelector: #insured_entities_1_dob > div > div.mutt-natural-modal-inner > div > select:nth-child(3)]
11:12:53.824 INFO - Executing: [is displayed: 17 [[ChromeDriver: chrome on MAC (336128050aceec829bca56e616ba7dd7)] -> css selector: #insured_entities_1_dob > div > div.mutt-natural-modal-inner > div > select:nth-child(3)]])
11:12:53.857 INFO - Done: [is displayed: 17 [[ChromeDriver: chrome on MAC (336128050aceec829bca56e616ba7dd7)] -> css selector: #insured_entities_1_dob > div > div.mutt-natural-modal-inner > div > select:nth-child(3)]]
11:12:53.865 INFO - Executing: [find element: By.cssSelector: #insured_entities_1_dob > div > div.mutt-natural-modal-inner > div > select:nth-child(3)])
11:12:53.906 INFO - Done: [find element: By.cssSelector: #insured_entities_1_dob > div > div.mutt-natural-modal-inner > div > select:nth-child(3)]
11:12:53.914 INFO - Executing: [click: 17 [[ChromeDriver: chrome on MAC (336128050aceec829bca56e616ba7dd7)] -> css selector: #insured_entities_1_dob > div > div.mutt-natural-modal-inner > div > select:nth-child(3)]])
11:12:54.379 INFO - Done: [click: 17 [[ChromeDriver: chrome on MAC (336128050aceec829bca56e616ba7dd7)] -> css selector: #insured_entities_1_dob > div > div.mutt-natural-modal-inner > div > select:nth-child(3)]]
11:12:54.385 INFO - Executing: [find elements: By.cssSelector: #insured_entities_1_dob > div > div.mutt-natural-modal-inner > div > select:nth-child(4)])
11:12:54.430 INFO - Done: [find elements: By.cssSelector: #insured_entities_1_dob > div > div.mutt-natural-modal-inner > div > select:nth-child(4)]
11:12:54.437 INFO - Executing: [is displayed: 18 [[ChromeDriver: chrome on MAC (336128050aceec829bca56e616ba7dd7)] -> css selector: #insured_entities_1_dob > div > div.mutt-natural-modal-inner > div > select:nth-child(4)]])
11:12:54.470 INFO - Done: [is displayed: 18 [[ChromeDriver: chrome on MAC (336128050aceec829bca56e616ba7dd7)] -> css selector: #insured_entities_1_dob > div > div.mutt-natural-modal-inner > div > select:nth-child(4)]]
11:12:54.473 INFO - Executing: [find element: By.cssSelector: #insured_entities_1_dob > div > div.mutt-natural-modal-inner > div > select:nth-child(4)])
11:12:54.533 INFO - Done: [find element: By.cssSelector: #insured_entities_1_dob > div > div.mutt-natural-modal-inner > div > select:nth-child(4)]
11:12:54.540 INFO - Executing: [click: 18 [[ChromeDriver: chrome on MAC (336128050aceec829bca56e616ba7dd7)] -> css selector: #insured_entities_1_dob > div > div.mutt-natural-modal-inner > div > select:nth-child(4)]])
11:12:54.955 INFO - Done: [click: 18 [[ChromeDriver: chrome on MAC (336128050aceec829bca56e616ba7dd7)] -> css selector: #insured_entities_1_dob > div > div.mutt-natural-modal-inner > div > select:nth-child(4)]]
11:12:54.971 INFO - Executing: [find elements: By.cssSelector: #insured_entities_1_dob .mutt-natural-toggle])
11:12:55.021 INFO - Done: [find elements: By.cssSelector: #insured_entities_1_dob .mutt-natural-toggle]
11:12:55.024 INFO - Executing: [is displayed: 19 [[ChromeDriver: chrome on MAC (336128050aceec829bca56e616ba7dd7)] -> css selector: #insured_entities_1_dob .mutt-natural-toggle]])
11:12:55.057 INFO - Done: [is displayed: 19 [[ChromeDriver: chrome on MAC (336128050aceec829bca56e616ba7dd7)] -> css selector: #insured_entities_1_dob .mutt-natural-toggle]]
11:12:55.063 INFO - Executing: [find element: By.cssSelector: #insured_entities_1_dob .mutt-natural-toggle])
11:12:55.105 INFO - Done: [find element: By.cssSelector: #insured_entities_1_dob .mutt-natural-toggle]
11:12:55.108 INFO - Executing: [click: 19 [[ChromeDriver: chrome on MAC (336128050aceec829bca56e616ba7dd7)] -> css selector: #insured_entities_1_dob .mutt-natural-toggle]])
11:12:55.453 INFO - Done: [click: 19 [[ChromeDriver: chrome on MAC (336128050aceec829bca56e616ba7dd7)] -> css selector: #insured_entities_1_dob .mutt-natural-toggle]]
11:12:55.462 INFO - Executing: [find elements: By.cssSelector: #insured_entities_1_gender .mutt-natural-trigger])
11:12:55.514 INFO - Done: [find elements: By.cssSelector: #insured_entities_1_gender .mutt-natural-trigger]
11:12:55.518 INFO - Executing: [is displayed: 20 [[ChromeDriver: chrome on MAC (336128050aceec829bca56e616ba7dd7)] -> css selector: #insured_entities_1_gender .mutt-natural-trigger]])
11:12:55.551 INFO - Done: [is displayed: 20 [[ChromeDriver: chrome on MAC (336128050aceec829bca56e616ba7dd7)] -> css selector: #insured_entities_1_gender .mutt-natural-trigger]]
11:12:55.553 INFO - Executing: [find element: By.cssSelector: #insured_entities_1_gender .mutt-natural-trigger])
11:12:55.584 INFO - Done: [find element: By.cssSelector: #insured_entities_1_gender .mutt-natural-trigger]
11:12:55.590 INFO - Executing: [click: 20 [[ChromeDriver: chrome on MAC (336128050aceec829bca56e616ba7dd7)] -> css selector: #insured_entities_1_gender .mutt-natural-trigger]])
11:12:55.698 INFO - Done: [click: 20 [[ChromeDriver: chrome on MAC (336128050aceec829bca56e616ba7dd7)] -> css selector: #insured_entities_1_gender .mutt-natural-trigger]]
11:12:55.705 INFO - Executing: [find elements: By.cssSelector: #insured_entities_1_gender > div > div.mutt-natural-modal-inner > div > div:nth-child(1) > label])
11:12:55.744 INFO - Done: [find elements: By.cssSelector: #insured_entities_1_gender > div > div.mutt-natural-modal-inner > div > div:nth-child(1) > label]
11:12:55.746 INFO - Executing: [is displayed: 21 [[ChromeDriver: chrome on MAC (336128050aceec829bca56e616ba7dd7)] -> css selector: #insured_entities_1_gender > div > div.mutt-natural-modal-inner > div > div:nth-child(1) > label]])
11:12:55.767 INFO - Done: [is displayed: 21 [[ChromeDriver: chrome on MAC (336128050aceec829bca56e616ba7dd7)] -> css selector: #insured_entities_1_gender > div > div.mutt-natural-modal-inner > div > div:nth-child(1) > label]]
11:12:55.769 INFO - Executing: [find element: By.cssSelector: #insured_entities_1_gender > div > div.mutt-natural-modal-inner > div > div:nth-child(1) > label])
11:12:55.791 INFO - Done: [find element: By.cssSelector: #insured_entities_1_gender > div > div.mutt-natural-modal-inner > div > div:nth-child(1) > label]
11:12:55.793 INFO - Executing: [click: 21 [[ChromeDriver: chrome on MAC (336128050aceec829bca56e616ba7dd7)] -> css selector: #insured_entities_1_gender > div > div.mutt-natural-modal-inner > div > div:nth-child(1) > label]])
11:12:55.858 INFO - Done: [click: 21 [[ChromeDriver: chrome on MAC (336128050aceec829bca56e616ba7dd7)] -> css selector: #insured_entities_1_gender > div > div.mutt-natural-modal-inner > div > div:nth-child(1) > label]]
11:12:56.365 INFO - Executing: [find element: By.cssSelector: #insured_entities_1_healthy .mutt-natural-trigger])
11:12:56.386 INFO - Done: [find element: By.cssSelector: #insured_entities_1_healthy .mutt-natural-trigger]
11:12:56.388 INFO - Executing: [click: 22 [[ChromeDriver: chrome on MAC (336128050aceec829bca56e616ba7dd7)] -> css selector: #insured_entities_1_healthy .mutt-natural-trigger]])
11:12:56.441 INFO - Done: [click: 22 [[ChromeDriver: chrome on MAC (336128050aceec829bca56e616ba7dd7)] -> css selector: #insured_entities_1_healthy .mutt-natural-trigger]]
11:12:56.446 INFO - Executing: [find elements: By.cssSelector: #insured_entities_1_healthy > div > div.mutt-natural-modal-inner > div > div:nth-child(2) > label])
11:12:56.467 INFO - Done: [find elements: By.cssSelector: #insured_entities_1_healthy > div > div.mutt-natural-modal-inner > div > div:nth-child(2) > label]
11:12:56.469 INFO - Executing: [is displayed: 23 [[ChromeDriver: chrome on MAC (336128050aceec829bca56e616ba7dd7)] -> css selector: #insured_entities_1_healthy > div > div.mutt-natural-modal-inner > div > div:nth-child(2) > label]])
11:12:56.487 INFO - Done: [is displayed: 23 [[ChromeDriver: chrome on MAC (336128050aceec829bca56e616ba7dd7)] -> css selector: #insured_entities_1_healthy > div > div.mutt-natural-modal-inner > div > div:nth-child(2) > label]]
11:12:56.491 INFO - Executing: [find element: By.cssSelector: #insured_entities_1_healthy > div > div.mutt-natural-modal-inner > div > div:nth-child(2) > label])
11:12:56.511 INFO - Done: [find element: By.cssSelector: #insured_entities_1_healthy > div > div.mutt-natural-modal-inner > div > div:nth-child(2) > label]
11:12:56.514 INFO - Executing: [click: 23 [[ChromeDriver: chrome on MAC (336128050aceec829bca56e616ba7dd7)] -> css selector: #insured_entities_1_healthy > div > div.mutt-natural-modal-inner > div > div:nth-child(2) > label]])
11:12:56.577 INFO - Done: [click: 23 [[ChromeDriver: chrome on MAC (336128050aceec829bca56e616ba7dd7)] -> css selector: #insured_entities_1_healthy > div > div.mutt-natural-modal-inner > div > div:nth-child(2) > label]]
11:12:56.580 INFO - Executing: [find elements: By.cssSelector: #insured_entities_1_spayed_neutered .mutt-natural-trigger])
11:12:56.606 INFO - Done: [find elements: By.cssSelector: #insured_entities_1_spayed_neutered .mutt-natural-trigger]
11:12:56.609 INFO - Executing: [is displayed: 24 [[ChromeDriver: chrome on MAC (336128050aceec829bca56e616ba7dd7)] -> css selector: #insured_entities_1_spayed_neutered .mutt-natural-trigger]])
11:12:56.638 INFO - Done: [is displayed: 24 [[ChromeDriver: chrome on MAC (336128050aceec829bca56e616ba7dd7)] -> css selector: #insured_entities_1_spayed_neutered .mutt-natural-trigger]]
11:12:56.643 INFO - Executing: [find element: By.cssSelector: #insured_entities_1_spayed_neutered .mutt-natural-trigger])
11:12:56.666 INFO - Done: [find element: By.cssSelector: #insured_entities_1_spayed_neutered .mutt-natural-trigger]
11:12:56.679 INFO - Executing: [click: 24 [[ChromeDriver: chrome on MAC (336128050aceec829bca56e616ba7dd7)] -> css selector: #insured_entities_1_spayed_neutered .mutt-natural-trigger]])
11:12:56.743 INFO - Done: [click: 24 [[ChromeDriver: chrome on MAC (336128050aceec829bca56e616ba7dd7)] -> css selector: #insured_entities_1_spayed_neutered .mutt-natural-trigger]]
11:12:56.746 INFO - Executing: [find elements: By.cssSelector: #insured_entities_1_spayed_neutered > div > div.mutt-natural-modal-inner > div > div:nth-child(2) > label])
11:12:56.768 INFO - Done: [find elements: By.cssSelector: #insured_entities_1_spayed_neutered > div > div.mutt-natural-modal-inner > div > div:nth-child(2) > label]
11:12:56.772 INFO - Executing: [is displayed: 25 [[ChromeDriver: chrome on MAC (336128050aceec829bca56e616ba7dd7)] -> css selector: #insured_entities_1_spayed_neutered > div > div.mutt-natural-modal-inner > div > div:nth-child(2) > label]])
11:12:56.799 INFO - Done: [is displayed: 25 [[ChromeDriver: chrome on MAC (336128050aceec829bca56e616ba7dd7)] -> css selector: #insured_entities_1_spayed_neutered > div > div.mutt-natural-modal-inner > div > div:nth-child(2) > label]]
11:12:56.802 INFO - Executing: [find element: By.cssSelector: #insured_entities_1_spayed_neutered > div > div.mutt-natural-modal-inner > div > div:nth-child(2) > label])
11:12:56.822 INFO - Done: [find element: By.cssSelector: #insured_entities_1_spayed_neutered > div > div.mutt-natural-modal-inner > div > div:nth-child(2) > label]
11:12:56.825 INFO - Executing: [click: 25 [[ChromeDriver: chrome on MAC (336128050aceec829bca56e616ba7dd7)] -> css selector: #insured_entities_1_spayed_neutered > div > div.mutt-natural-modal-inner > div > div:nth-child(2) > label]])
11:12:56.889 INFO - Done: [click: 25 [[ChromeDriver: chrome on MAC (336128050aceec829bca56e616ba7dd7)] -> css selector: #insured_entities_1_spayed_neutered > div > div.mutt-natural-modal-inner > div > div:nth-child(2) > label]]
11:12:56.893 INFO - Executing: [find elements: By.cssSelector: #insured_entities_1_value .mutt-natural-trigger])
11:12:56.921 INFO - Done: [find elements: By.cssSelector: #insured_entities_1_value .mutt-natural-trigger]
11:12:56.926 INFO - Executing: [is displayed: 26 [[ChromeDriver: chrome on MAC (336128050aceec829bca56e616ba7dd7)] -> css selector: #insured_entities_1_value .mutt-natural-trigger]])
11:12:56.948 INFO - Done: [is displayed: 26 [[ChromeDriver: chrome on MAC (336128050aceec829bca56e616ba7dd7)] -> css selector: #insured_entities_1_value .mutt-natural-trigger]]
11:12:56.951 INFO - Executing: [find element: By.cssSelector: #insured_entities_1_value .mutt-natural-trigger])
11:12:56.975 INFO - Done: [find element: By.cssSelector: #insured_entities_1_value .mutt-natural-trigger]
11:12:56.979 INFO - Executing: [click: 26 [[ChromeDriver: chrome on MAC (336128050aceec829bca56e616ba7dd7)] -> css selector: #insured_entities_1_value .mutt-natural-trigger]])
11:12:57.050 INFO - Done: [click: 26 [[ChromeDriver: chrome on MAC (336128050aceec829bca56e616ba7dd7)] -> css selector: #insured_entities_1_value .mutt-natural-trigger]]
11:12:57.052 INFO - Executing: [find elements: By.cssSelector: #insured_entities_1_value > div > div.mutt-natural-modal-inner > div > input])
11:12:57.076 INFO - Done: [find elements: By.cssSelector: #insured_entities_1_value > div > div.mutt-natural-modal-inner > div > input]
11:12:57.081 INFO - Executing: [is displayed: 27 [[ChromeDriver: chrome on MAC (336128050aceec829bca56e616ba7dd7)] -> css selector: #insured_entities_1_value > div > div.mutt-natural-modal-inner > div > input]])
11:12:57.102 INFO - Done: [is displayed: 27 [[ChromeDriver: chrome on MAC (336128050aceec829bca56e616ba7dd7)] -> css selector: #insured_entities_1_value > div > div.mutt-natural-modal-inner > div > input]]
11:12:57.107 INFO - Executing: [find element: By.cssSelector: #insured_entities_1_value > div > div.mutt-natural-modal-inner > div > input])
11:12:57.128 INFO - Done: [find element: By.cssSelector: #insured_entities_1_value > div > div.mutt-natural-modal-inner > div > input]
11:12:57.130 INFO - Executing: [send keys: 27 [[ChromeDriver: chrome on MAC (336128050aceec829bca56e616ba7dd7)] -> css selector: #insured_entities_1_value > div > div.mutt-natural-modal-inner > div > input], [4, 0, 0]])
11:12:57.195 INFO - Done: [send keys: 27 [[ChromeDriver: chrome on MAC (336128050aceec829bca56e616ba7dd7)] -> css selector: #insured_entities_1_value > div > div.mutt-natural-modal-inner > div > input], [4, 0, 0]]
11:12:57.198 INFO - Executing: [find elements: By.cssSelector: #insured_entities_1_value .mutt-natural-toggle])
11:12:57.220 INFO - Done: [find elements: By.cssSelector: #insured_entities_1_value .mutt-natural-toggle]
11:12:57.224 INFO - Executing: [is displayed: 28 [[ChromeDriver: chrome on MAC (336128050aceec829bca56e616ba7dd7)] -> css selector: #insured_entities_1_value .mutt-natural-toggle]])
11:12:57.243 INFO - Done: [is displayed: 28 [[ChromeDriver: chrome on MAC (336128050aceec829bca56e616ba7dd7)] -> css selector: #insured_entities_1_value .mutt-natural-toggle]]
11:12:57.245 INFO - Executing: [find element: By.cssSelector: #insured_entities_1_value .mutt-natural-toggle])
11:12:57.265 INFO - Done: [find element: By.cssSelector: #insured_entities_1_value .mutt-natural-toggle]
11:12:57.267 INFO - Executing: [click: 28 [[ChromeDriver: chrome on MAC (336128050aceec829bca56e616ba7dd7)] -> css selector: #insured_entities_1_value .mutt-natural-toggle]])
11:12:57.332 INFO - Done: [click: 28 [[ChromeDriver: chrome on MAC (336128050aceec829bca56e616ba7dd7)] -> css selector: #insured_entities_1_value .mutt-natural-toggle]]
11:12:57.334 INFO - Executing: [find elements: By.cssSelector: #insured_entities_1_pet_address_postcode .mutt-natural-trigger])
11:12:57.362 INFO - Done: [find elements: By.cssSelector: #insured_entities_1_pet_address_postcode .mutt-natural-trigger]
11:12:57.366 INFO - Executing: [is displayed: 29 [[ChromeDriver: chrome on MAC (336128050aceec829bca56e616ba7dd7)] -> css selector: #insured_entities_1_pet_address_postcode .mutt-natural-trigger]])
11:12:57.387 INFO - Done: [is displayed: 29 [[ChromeDriver: chrome on MAC (336128050aceec829bca56e616ba7dd7)] -> css selector: #insured_entities_1_pet_address_postcode .mutt-natural-trigger]]
11:12:57.391 INFO - Executing: [find element: By.cssSelector: #insured_entities_1_pet_address_postcode .mutt-natural-trigger])
11:12:57.413 INFO - Done: [find element: By.cssSelector: #insured_entities_1_pet_address_postcode .mutt-natural-trigger]
11:12:57.415 INFO - Executing: [click: 29 [[ChromeDriver: chrome on MAC (336128050aceec829bca56e616ba7dd7)] -> css selector: #insured_entities_1_pet_address_postcode .mutt-natural-trigger]])
11:12:57.487 INFO - Done: [click: 29 [[ChromeDriver: chrome on MAC (336128050aceec829bca56e616ba7dd7)] -> css selector: #insured_entities_1_pet_address_postcode .mutt-natural-trigger]]
11:12:57.490 INFO - Executing: [find elements: By.cssSelector: #insured_entities_1_pet_address_postcode > div > div.mutt-natural-modal-inner > input])
11:12:57.531 INFO - Done: [find elements: By.cssSelector: #insured_entities_1_pet_address_postcode > div > div.mutt-natural-modal-inner > input]
11:12:57.538 INFO - Executing: [is displayed: 30 [[ChromeDriver: chrome on MAC (336128050aceec829bca56e616ba7dd7)] -> css selector: #insured_entities_1_pet_address_postcode > div > div.mutt-natural-modal-inner > input]])
11:12:57.564 INFO - Done: [is displayed: 30 [[ChromeDriver: chrome on MAC (336128050aceec829bca56e616ba7dd7)] -> css selector: #insured_entities_1_pet_address_postcode > div > div.mutt-natural-modal-inner > input]]
11:12:58.083 INFO - Executing: [find element: By.cssSelector: #insured_entities_1_pet_address_postcode > div > div.mutt-natural-modal-inner > input])
11:12:58.102 INFO - Done: [find element: By.cssSelector: #insured_entities_1_pet_address_postcode > div > div.mutt-natural-modal-inner > input]
11:12:58.105 INFO - Executing: [send keys: 30 [[ChromeDriver: chrome on MAC (336128050aceec829bca56e616ba7dd7)] -> css selector: #insured_entities_1_pet_address_postcode > div > div.mutt-natural-modal-inner > input], [E]])
11:12:58.148 INFO - Done: [send keys: 30 [[ChromeDriver: chrome on MAC (336128050aceec829bca56e616ba7dd7)] -> css selector: #insured_entities_1_pet_address_postcode > div > div.mutt-natural-modal-inner > input], [E]]
11:12:58.351 INFO - Executing: [find element: By.cssSelector: #insured_entities_1_pet_address_postcode > div > div.mutt-natural-modal-inner > input])
11:12:58.362 INFO - Done: [find element: By.cssSelector: #insured_entities_1_pet_address_postcode > div > div.mutt-natural-modal-inner > input]
11:12:58.364 INFO - Executing: [send keys: 30 [[ChromeDriver: chrome on MAC (336128050aceec829bca56e616ba7dd7)] -> css selector: #insured_entities_1_pet_address_postcode > div > div.mutt-natural-modal-inner > input], [6]])
11:12:58.382 INFO - Done: [send keys: 30 [[ChromeDriver: chrome on MAC (336128050aceec829bca56e616ba7dd7)] -> css selector: #insured_entities_1_pet_address_postcode > div > div.mutt-natural-modal-inner > input], [6]]
11:12:58.586 INFO - Executing: [find element: By.cssSelector: #insured_entities_1_pet_address_postcode > div > div.mutt-natural-modal-inner > input])
11:12:58.595 INFO - Done: [find element: By.cssSelector: #insured_entities_1_pet_address_postcode > div > div.mutt-natural-modal-inner > input]
11:12:58.597 INFO - Executing: [send keys: 30 [[ChromeDriver: chrome on MAC (336128050aceec829bca56e616ba7dd7)] -> css selector: #insured_entities_1_pet_address_postcode > div > div.mutt-natural-modal-inner > input], [ , 2]])
11:12:58.628 INFO - Done: [send keys: 30 [[ChromeDriver: chrome on MAC (336128050aceec829bca56e616ba7dd7)] -> css selector: #insured_entities_1_pet_address_postcode > div > div.mutt-natural-modal-inner > input], [ , 2]]
11:12:58.834 INFO - Executing: [find element: By.cssSelector: #insured_entities_1_pet_address_postcode > div > div.mutt-natural-modal-inner > input])
11:12:58.871 INFO - Done: [find element: By.cssSelector: #insured_entities_1_pet_address_postcode > div > div.mutt-natural-modal-inner > input]
11:12:58.876 INFO - Executing: [send keys: 30 [[ChromeDriver: chrome on MAC (336128050aceec829bca56e616ba7dd7)] -> css selector: #insured_entities_1_pet_address_postcode > div > div.mutt-natural-modal-inner > input], [E]])
11:12:58.902 INFO - Done: [send keys: 30 [[ChromeDriver: chrome on MAC (336128050aceec829bca56e616ba7dd7)] -> css selector: #insured_entities_1_pet_address_postcode > div > div.mutt-natural-modal-inner > input], [E]]
11:12:59.106 INFO - Executing: [find element: By.cssSelector: #insured_entities_1_pet_address_postcode > div > div.mutt-natural-modal-inner > input])
11:12:59.119 INFO - Done: [find element: By.cssSelector: #insured_entities_1_pet_address_postcode > div > div.mutt-natural-modal-inner > input]
11:12:59.121 INFO - Executing: [send keys: 30 [[ChromeDriver: chrome on MAC (336128050aceec829bca56e616ba7dd7)] -> css selector: #insured_entities_1_pet_address_postcode > div > div.mutt-natural-modal-inner > input], [A]])
11:12:59.146 INFO - Done: [send keys: 30 [[ChromeDriver: chrome on MAC (336128050aceec829bca56e616ba7dd7)] -> css selector: #insured_entities_1_pet_address_postcode > div > div.mutt-natural-modal-inner > input], [A]]
11:13:00.151 INFO - Executing: [find element: By.cssSelector: body > div.pca > div:nth-child(7) > div.pca.pcalist > div.pcaitem.pcafirstitem])
11:13:00.171 INFO - Done: [find element: By.cssSelector: body > div.pca > div:nth-child(7) > div.pca.pcalist > div.pcaitem.pcafirstitem]
11:13:00.173 INFO - Executing: [click: 31 [[ChromeDriver: chrome on MAC (336128050aceec829bca56e616ba7dd7)] -> css selector: body > div.pca > div:nth-child(7) > div.pca.pcalist > div.pcaitem.pcafirstitem]])
11:13:00.227 INFO - Done: [click: 31 [[ChromeDriver: chrome on MAC (336128050aceec829bca56e616ba7dd7)] -> css selector: body > div.pca > div:nth-child(7) > div.pca.pcalist > div.pcaitem.pcafirstitem]]
11:13:00.230 INFO - Executing: [find elements: By.cssSelector: #insured_entities_1_pet_address_postcode .mutt-natural-toggle])
11:13:00.251 INFO - Done: [find elements: By.cssSelector: #insured_entities_1_pet_address_postcode .mutt-natural-toggle]
11:13:00.253 INFO - Executing: [is displayed: 32 [[ChromeDriver: chrome on MAC (336128050aceec829bca56e616ba7dd7)] -> css selector: #insured_entities_1_pet_address_postcode .mutt-natural-toggle]])
11:13:00.277 INFO - Done: [is displayed: 32 [[ChromeDriver: chrome on MAC (336128050aceec829bca56e616ba7dd7)] -> css selector: #insured_entities_1_pet_address_postcode .mutt-natural-toggle]]
11:13:00.280 INFO - Executing: [find element: By.cssSelector: #insured_entities_1_pet_address_postcode > div > div.mutt-natural-modal-inner > button])
11:13:00.300 INFO - Done: [find element: By.cssSelector: #insured_entities_1_pet_address_postcode > div > div.mutt-natural-modal-inner > button]
11:13:00.303 INFO - Executing: [click: 32 [[ChromeDriver: chrome on MAC (336128050aceec829bca56e616ba7dd7)] -> css selector: #insured_entities_1_pet_address_postcode .mutt-natural-toggle]])
11:13:00.386 INFO - Done: [click: 32 [[ChromeDriver: chrome on MAC (336128050aceec829bca56e616ba7dd7)] -> css selector: #insured_entities_1_pet_address_postcode .mutt-natural-toggle]]
11:13:00.389 INFO - Executing: [find element: By.cssSelector: #insured_entities_1_pet_address_postcode .mutt-natural-toggle])
11:13:00.421 INFO - Done: [find element: By.cssSelector: #insured_entities_1_pet_address_postcode .mutt-natural-toggle]
11:13:00.424 INFO - Executing: [click: 32 [[ChromeDriver: chrome on MAC (336128050aceec829bca56e616ba7dd7)] -> css selector: #insured_entities_1_pet_address_postcode .mutt-natural-toggle]])
11:13:01.619 WARN - Exception thrown
org.openqa.selenium.ElementNotVisibleException: element not visible
  (Session info: chrome=56.0.2924.87)
  (Driver info: chromedriver=2.27.440174 (e97a722caafc2d3a8b807ee115bfb307f7d2cfd9),platform=Mac OS X 10.11.1 x86_64) (WARNING: The server did not provide any stacktrace information)
Command duration or timeout: 28 milliseconds
Build info: version: '2.53.0', revision: '35ae25b', time: '2016-03-15 17:00:58'
System info: host: 'Srirams-MacBook-Pro-2.local', ip: '192.168.0.11', os.name: 'Mac OS X', os.arch: 'x86_64', os.version: '10.11.1', java.version: '1.8.0_60'
Driver info: org.openqa.selenium.chrome.ChromeDriver
Capabilities [{applicationCacheEnabled=false, rotatable=false, mobileEmulationEnabled=false, networkConnectionEnabled=false, chrome={chromedriverVersion=2.27.440174 (e97a722caafc2d3a8b807ee115bfb307f7d2cfd9), userDataDir=/var/folders/7m/6_w0bn_x0vl5cwqjlkhfvzdm0000gn/T/.org.chromium.Chromium.ZaKRGG}, takesHeapSnapshot=true, pageLoadStrategy=normal, databaseEnabled=false, handlesAlerts=true, hasTouchScreen=false, version=56.0.2924.87, platform=MAC, browserConnectionEnabled=false, nativeEvents=true, acceptSslCerts=true, locationContextEnabled=true, webStorageEnabled=true, browserName=chrome, takesScreenshot=true, javascriptEnabled=true, cssSelectorsEnabled=true, unexpectedAlertBehaviour=}]
Session ID: 336128050aceec829bca56e616ba7dd7
	at sun.reflect.NativeConstructorAccessorImpl.newInstance0(Native Method)
	at sun.reflect.NativeConstructorAccessorImpl.newInstance(NativeConstructorAccessorImpl.java:62)
	at sun.reflect.DelegatingConstructorAccessorImpl.newInstance(DelegatingConstructorAccessorImpl.java:45)
	at java.lang.reflect.Constructor.newInstance(Constructor.java:422)
	at org.openqa.selenium.remote.ErrorHandler.createThrowable(ErrorHandler.java:206)
	at org.openqa.selenium.remote.ErrorHandler.throwIfResponseFailed(ErrorHandler.java:158)
	at org.openqa.selenium.remote.RemoteWebDriver.execute(RemoteWebDriver.java:678)
	at org.openqa.selenium.remote.RemoteWebElement.execute(RemoteWebElement.java:327)
	at org.openqa.selenium.remote.RemoteWebElement.click(RemoteWebElement.java:85)
	at sun.reflect.GeneratedMethodAccessor11.invoke(Unknown Source)
	at sun.reflect.DelegatingMethodAccessorImpl.invoke(DelegatingMethodAccessorImpl.java:43)
	at java.lang.reflect.Method.invoke(Method.java:497)
	at org.openqa.selenium.support.events.EventFiringWebDriver$EventFiringWebElement$1.invoke(EventFiringWebDriver.java:335)
	at com.sun.proxy.$Proxy2.click(Unknown Source)
	at org.openqa.selenium.support.events.EventFiringWebDriver$EventFiringWebElement.click(EventFiringWebDriver.java:348)
	at sun.reflect.GeneratedMethodAccessor11.invoke(Unknown Source)
	at sun.reflect.DelegatingMethodAccessorImpl.invoke(DelegatingMethodAccessorImpl.java:43)
	at java.lang.reflect.Method.invoke(Method.java:497)
	at org.openqa.selenium.remote.server.KnownElements$1.invoke(KnownElements.java:64)
	at com.sun.proxy.$Proxy3.click(Unknown Source)
	at org.openqa.selenium.remote.server.handler.ClickElement.call(ClickElement.java:30)
	at org.openqa.selenium.remote.server.handler.ClickElement.call(ClickElement.java:1)
	at java.util.concurrent.FutureTask.run(FutureTask.java:266)
	at org.openqa.selenium.remote.server.DefaultSession$1.run(DefaultSession.java:176)
	at java.util.concurrent.ThreadPoolExecutor.runWorker(ThreadPoolExecutor.java:1142)
	at java.util.concurrent.ThreadPoolExecutor$Worker.run(ThreadPoolExecutor.java:617)
	at java.lang.Thread.run(Thread.java:745)
11:13:01.621 WARN - Exception: element not visible
  (Session info: chrome=56.0.2924.87)
  (Driver info: chromedriver=2.27.440174 (e97a722caafc2d3a8b807ee115bfb307f7d2cfd9),platform=Mac OS X 10.11.1 x86_64) (WARNING: The server did not provide any stacktrace information)
Command duration or timeout: 28 milliseconds
Build info: version: '2.53.0', revision: '35ae25b', time: '2016-03-15 17:00:58'
System info: host: 'Srirams-MacBook-Pro-2.local', ip: '192.168.0.11', os.name: 'Mac OS X', os.arch: 'x86_64', os.version: '10.11.1', java.version: '1.8.0_60'
Driver info: org.openqa.selenium.chrome.ChromeDriver
Capabilities [{applicationCacheEnabled=false, rotatable=false, mobileEmulationEnabled=false, networkConnectionEnabled=false, chrome={chromedriverVersion=2.27.440174 (e97a722caafc2d3a8b807ee115bfb307f7d2cfd9), userDataDir=/var/folders/7m/6_w0bn_x0vl5cwqjlkhfvzdm0000gn/T/.org.chromium.Chromium.ZaKRGG}, takesHeapSnapshot=true, pageLoadStrategy=normal, databaseEnabled=false, handlesAlerts=true, hasTouchScreen=false, version=56.0.2924.87, platform=MAC, browserConnectionEnabled=false, nativeEvents=true, acceptSslCerts=true, locationContextEnabled=true, webStorageEnabled=true, browserName=chrome, takesScreenshot=true, javascriptEnabled=true, cssSelectorsEnabled=true, unexpectedAlertBehaviour=}]
Session ID: 336128050aceec829bca56e616ba7dd7
11:13:01.691 INFO - Executing: [find elements: By.cssSelector: #insured_entities_field_1 > div > div > div.mutt-button-wrapper > button.mutt-button.btn.space-right.space-left])
11:13:01.714 INFO - Done: [find elements: By.cssSelector: #insured_entities_field_1 > div > div > div.mutt-button-wrapper > button.mutt-button.btn.space-right.space-left]
11:13:01.716 INFO - Executing: [is displayed: 33 [[ChromeDriver: chrome on MAC (336128050aceec829bca56e616ba7dd7)] -> css selector: #insured_entities_field_1 > div > div > div.mutt-button-wrapper > button.mutt-button.btn.space-right.space-left]])
11:13:01.736 INFO - Done: [is displayed: 33 [[ChromeDriver: chrome on MAC (336128050aceec829bca56e616ba7dd7)] -> css selector: #insured_entities_field_1 > div > div > div.mutt-button-wrapper > button.mutt-button.btn.space-right.space-left]]
11:13:01.738 INFO - Executing: [find element: By.cssSelector: #insured_entities_field_1 > div > div > div.mutt-button-wrapper > button.mutt-button.btn.space-right.space-left])
11:13:01.757 INFO - Done: [find element: By.cssSelector: #insured_entities_field_1 > div > div > div.mutt-button-wrapper > button.mutt-button.btn.space-right.space-left]
11:13:01.759 INFO - Executing: [click: 33 [[ChromeDriver: chrome on MAC (336128050aceec829bca56e616ba7dd7)] -> css selector: #insured_entities_field_1 > div > div > div.mutt-button-wrapper > button.mutt-button.btn.space-right.space-left]])
11:13:01.842 INFO - Done: [click: 33 [[ChromeDriver: chrome on MAC (336128050aceec829bca56e616ba7dd7)] -> css selector: #insured_entities_field_1 > div > div > div.mutt-button-wrapper > button.mutt-button.btn.space-right.space-left]]
11:13:01.845 INFO - Executing: [find elements: By.cssSelector: h1.fullstop])
11:13:01.869 INFO - Done: [find elements: By.cssSelector: h1.fullstop]
11:13:01.870 INFO - Executing: [is displayed: 34 [[ChromeDriver: chrome on MAC (336128050aceec829bca56e616ba7dd7)] -> css selector: h1.fullstop]])
11:13:01.896 INFO - Done: [is displayed: 34 [[ChromeDriver: chrome on MAC (336128050aceec829bca56e616ba7dd7)] -> css selector: h1.fullstop]]
11:13:01.905 INFO - Executing: [find element: By.cssSelector: body.btn--wide .button])
11:13:02.328 WARN - Exception thrown
org.openqa.selenium.NoSuchElementException: no such element: Unable to locate element: {"method":"css selector","selector":"body.btn--wide .button"}
  (Session info: chrome=56.0.2924.87)
  (Driver info: chromedriver=2.27.440174 (e97a722caafc2d3a8b807ee115bfb307f7d2cfd9),platform=Mac OS X 10.11.1 x86_64) (WARNING: The server did not provide any stacktrace information)
Command duration or timeout: 27 milliseconds
For documentation on this error, please visit: http://seleniumhq.org/exceptions/no_such_element.html
Build info: version: '2.53.0', revision: '35ae25b', time: '2016-03-15 17:00:58'
System info: host: 'Srirams-MacBook-Pro-2.local', ip: '192.168.0.11', os.name: 'Mac OS X', os.arch: 'x86_64', os.version: '10.11.1', java.version: '1.8.0_60'
Driver info: org.openqa.selenium.chrome.ChromeDriver
Capabilities [{applicationCacheEnabled=false, rotatable=false, mobileEmulationEnabled=false, networkConnectionEnabled=false, chrome={chromedriverVersion=2.27.440174 (e97a722caafc2d3a8b807ee115bfb307f7d2cfd9), userDataDir=/var/folders/7m/6_w0bn_x0vl5cwqjlkhfvzdm0000gn/T/.org.chromium.Chromium.ZaKRGG}, takesHeapSnapshot=true, pageLoadStrategy=normal, databaseEnabled=false, handlesAlerts=true, hasTouchScreen=false, version=56.0.2924.87, platform=MAC, browserConnectionEnabled=false, nativeEvents=true, acceptSslCerts=true, locationContextEnabled=true, webStorageEnabled=true, browserName=chrome, takesScreenshot=true, javascriptEnabled=true, cssSelectorsEnabled=true, unexpectedAlertBehaviour=}]
Session ID: 336128050aceec829bca56e616ba7dd7
*** Element info: {Using=css selector, value=body.btn--wide .button}
	at sun.reflect.NativeConstructorAccessorImpl.newInstance0(Native Method)
	at sun.reflect.NativeConstructorAccessorImpl.newInstance(NativeConstructorAccessorImpl.java:62)
	at sun.reflect.DelegatingConstructorAccessorImpl.newInstance(DelegatingConstructorAccessorImpl.java:45)
	at java.lang.reflect.Constructor.newInstance(Constructor.java:422)
	at org.openqa.selenium.remote.ErrorHandler.createThrowable(ErrorHandler.java:206)
	at org.openqa.selenium.remote.ErrorHandler.throwIfResponseFailed(ErrorHandler.java:158)
	at org.openqa.selenium.remote.RemoteWebDriver.execute(RemoteWebDriver.java:678)
	at org.openqa.selenium.remote.RemoteWebDriver.findElement(RemoteWebDriver.java:363)
	at org.openqa.selenium.remote.RemoteWebDriver.findElementByCssSelector(RemoteWebDriver.java:492)
	at org.openqa.selenium.By$ByCssSelector.findElement(By.java:430)
	at org.openqa.selenium.remote.RemoteWebDriver.findElement(RemoteWebDriver.java:355)
	at sun.reflect.GeneratedMethodAccessor12.invoke(Unknown Source)
	at sun.reflect.DelegatingMethodAccessorImpl.invoke(DelegatingMethodAccessorImpl.java:43)
	at java.lang.reflect.Method.invoke(Method.java:497)
	at org.openqa.selenium.support.events.EventFiringWebDriver$2.invoke(EventFiringWebDriver.java:103)
	at com.sun.proxy.$Proxy1.findElement(Unknown Source)
	at org.openqa.selenium.support.events.EventFiringWebDriver.findElement(EventFiringWebDriver.java:188)
	at org.openqa.selenium.remote.server.handler.FindElement.call(FindElement.java:48)
	at org.openqa.selenium.remote.server.handler.FindElement.call(FindElement.java:1)
	at java.util.concurrent.FutureTask.run(FutureTask.java:266)
	at org.openqa.selenium.remote.server.DefaultSession$1.run(DefaultSession.java:176)
	at java.util.concurrent.ThreadPoolExecutor.runWorker(ThreadPoolExecutor.java:1142)
	at java.util.concurrent.ThreadPoolExecutor$Worker.run(ThreadPoolExecutor.java:617)
	at java.lang.Thread.run(Thread.java:745)
11:13:02.330 WARN - Exception: no such element: Unable to locate element: {"method":"css selector","selector":"body.btn--wide .button"}
  (Session info: chrome=56.0.2924.87)
  (Driver info: chromedriver=2.27.440174 (e97a722caafc2d3a8b807ee115bfb307f7d2cfd9),platform=Mac OS X 10.11.1 x86_64) (WARNING: The server did not provide any stacktrace information)
Command duration or timeout: 27 milliseconds
For documentation on this error, please visit: http://seleniumhq.org/exceptions/no_such_element.html
Build info: version: '2.53.0', revision: '35ae25b', time: '2016-03-15 17:00:58'
System info: host: 'Srirams-MacBook-Pro-2.local', ip: '192.168.0.11', os.name: 'Mac OS X', os.arch: 'x86_64', os.version: '10.11.1', java.version: '1.8.0_60'
Driver info: org.openqa.selenium.chrome.ChromeDriver
Capabilities [{applicationCacheEnabled=false, rotatable=false, mobileEmulationEnabled=false, networkConnectionEnabled=false, chrome={chromedriverVersion=2.27.440174 (e97a722caafc2d3a8b807ee115bfb307f7d2cfd9), userDataDir=/var/folders/7m/6_w0bn_x0vl5cwqjlkhfvzdm0000gn/T/.org.chromium.Chromium.ZaKRGG}, takesHeapSnapshot=true, pageLoadStrategy=normal, databaseEnabled=false, handlesAlerts=true, hasTouchScreen=false, version=56.0.2924.87, platform=MAC, browserConnectionEnabled=false, nativeEvents=true, acceptSslCerts=true, locationContextEnabled=true, webStorageEnabled=true, browserName=chrome, takesScreenshot=true, javascriptEnabled=true, cssSelectorsEnabled=true, unexpectedAlertBehaviour=}]
Session ID: 336128050aceec829bca56e616ba7dd7
*** Element info: {Using=css selector, value=body.btn--wide .button}
11:13:02.404 INFO - Executing: [find element: By.cssSelector: #app > div.fullheight.footer-wrap.footer-wrap--qb > div:nth-child(2) > div.bkg--navy.vpad--60.policy-card-wrapper > div > div:nth-child(1) > div:nth-child(3) > article > div.product-option__foot.center > button])
11:13:02.778 WARN - Exception thrown
org.openqa.selenium.NoSuchElementException: no such element: Unable to locate element: {"method":"css selector","selector":"#app > div.fullheight.footer-wrap.footer-wrap--qb > div:nth-child(2) > div.bkg--navy.vpad--60.policy-card-wrapper > div > div:nth-child(1) > div:nth-child(3) > article > div.product-option__foot.center > button"}
  (Session info: chrome=56.0.2924.87)
  (Driver info: chromedriver=2.27.440174 (e97a722caafc2d3a8b807ee115bfb307f7d2cfd9),platform=Mac OS X 10.11.1 x86_64) (WARNING: The server did not provide any stacktrace information)
Command duration or timeout: 26 milliseconds
For documentation on this error, please visit: http://seleniumhq.org/exceptions/no_such_element.html
Build info: version: '2.53.0', revision: '35ae25b', time: '2016-03-15 17:00:58'
System info: host: 'Srirams-MacBook-Pro-2.local', ip: '192.168.0.11', os.name: 'Mac OS X', os.arch: 'x86_64', os.version: '10.11.1', java.version: '1.8.0_60'
Driver info: org.openqa.selenium.chrome.ChromeDriver
Capabilities [{applicationCacheEnabled=false, rotatable=false, mobileEmulationEnabled=false, networkConnectionEnabled=false, chrome={chromedriverVersion=2.27.440174 (e97a722caafc2d3a8b807ee115bfb307f7d2cfd9), userDataDir=/var/folders/7m/6_w0bn_x0vl5cwqjlkhfvzdm0000gn/T/.org.chromium.Chromium.ZaKRGG}, takesHeapSnapshot=true, pageLoadStrategy=normal, databaseEnabled=false, handlesAlerts=true, hasTouchScreen=false, version=56.0.2924.87, platform=MAC, browserConnectionEnabled=false, nativeEvents=true, acceptSslCerts=true, locationContextEnabled=true, webStorageEnabled=true, browserName=chrome, takesScreenshot=true, javascriptEnabled=true, cssSelectorsEnabled=true, unexpectedAlertBehaviour=}]
Session ID: 336128050aceec829bca56e616ba7dd7
*** Element info: {Using=css selector, value=#app > div.fullheight.footer-wrap.footer-wrap--qb > div:nth-child(2) > div.bkg--navy.vpad--60.policy-card-wrapper > div > div:nth-child(1) > div:nth-child(3) > article > div.product-option__foot.center > button}
	at sun.reflect.NativeConstructorAccessorImpl.newInstance0(Native Method)
	at sun.reflect.NativeConstructorAccessorImpl.newInstance(NativeConstructorAccessorImpl.java:62)
	at sun.reflect.DelegatingConstructorAccessorImpl.newInstance(DelegatingConstructorAccessorImpl.java:45)
	at java.lang.reflect.Constructor.newInstance(Constructor.java:422)
	at org.openqa.selenium.remote.ErrorHandler.createThrowable(ErrorHandler.java:206)
	at org.openqa.selenium.remote.ErrorHandler.throwIfResponseFailed(ErrorHandler.java:158)
	at org.openqa.selenium.remote.RemoteWebDriver.execute(RemoteWebDriver.java:678)
	at org.openqa.selenium.remote.RemoteWebDriver.findElement(RemoteWebDriver.java:363)
	at org.openqa.selenium.remote.RemoteWebDriver.findElementByCssSelector(RemoteWebDriver.java:492)
	at org.openqa.selenium.By$ByCssSelector.findElement(By.java:430)
	at org.openqa.selenium.remote.RemoteWebDriver.findElement(RemoteWebDriver.java:355)
	at sun.reflect.GeneratedMethodAccessor12.invoke(Unknown Source)
	at sun.reflect.DelegatingMethodAccessorImpl.invoke(DelegatingMethodAccessorImpl.java:43)
	at java.lang.reflect.Method.invoke(Method.java:497)
	at org.openqa.selenium.support.events.EventFiringWebDriver$2.invoke(EventFiringWebDriver.java:103)
	at com.sun.proxy.$Proxy1.findElement(Unknown Source)
	at org.openqa.selenium.support.events.EventFiringWebDriver.findElement(EventFiringWebDriver.java:188)
	at org.openqa.selenium.remote.server.handler.FindElement.call(FindElement.java:48)
	at org.openqa.selenium.remote.server.handler.FindElement.call(FindElement.java:1)
	at java.util.concurrent.FutureTask.run(FutureTask.java:266)
	at org.openqa.selenium.remote.server.DefaultSession$1.run(DefaultSession.java:176)
	at java.util.concurrent.ThreadPoolExecutor.runWorker(ThreadPoolExecutor.java:1142)
	at java.util.concurrent.ThreadPoolExecutor$Worker.run(ThreadPoolExecutor.java:617)
	at java.lang.Thread.run(Thread.java:745)
11:13:02.779 WARN - Exception: no such element: Unable to locate element: {"method":"css selector","selector":"#app > div.fullheight.footer-wrap.footer-wrap--qb > div:nth-child(2) > div.bkg--navy.vpad--60.policy-card-wrapper > div > div:nth-child(1) > div:nth-child(3) > article > div.product-option__foot.center > button"}
  (Session info: chrome=56.0.2924.87)
  (Driver info: chromedriver=2.27.440174 (e97a722caafc2d3a8b807ee115bfb307f7d2cfd9),platform=Mac OS X 10.11.1 x86_64) (WARNING: The server did not provide any stacktrace information)
Command duration or timeout: 26 milliseconds
For documentation on this error, please visit: http://seleniumhq.org/exceptions/no_such_element.html
Build info: version: '2.53.0', revision: '35ae25b', time: '2016-03-15 17:00:58'
System info: host: 'Srirams-MacBook-Pro-2.local', ip: '192.168.0.11', os.name: 'Mac OS X', os.arch: 'x86_64', os.version: '10.11.1', java.version: '1.8.0_60'
Driver info: org.openqa.selenium.chrome.ChromeDriver
Capabilities [{applicationCacheEnabled=false, rotatable=false, mobileEmulationEnabled=false, networkConnectionEnabled=false, chrome={chromedriverVersion=2.27.440174 (e97a722caafc2d3a8b807ee115bfb307f7d2cfd9), userDataDir=/var/folders/7m/6_w0bn_x0vl5cwqjlkhfvzdm0000gn/T/.org.chromium.Chromium.ZaKRGG}, takesHeapSnapshot=true, pageLoadStrategy=normal, databaseEnabled=false, handlesAlerts=true, hasTouchScreen=false, version=56.0.2924.87, platform=MAC, browserConnectionEnabled=false, nativeEvents=true, acceptSslCerts=true, locationContextEnabled=true, webStorageEnabled=true, browserName=chrome, takesScreenshot=true, javascriptEnabled=true, cssSelectorsEnabled=true, unexpectedAlertBehaviour=}]
Session ID: 336128050aceec829bca56e616ba7dd7
*** Element info: {Using=css selector, value=#app > div.fullheight.footer-wrap.footer-wrap--qb > div:nth-child(2) > div.bkg--navy.vpad--60.policy-card-wrapper > div > div:nth-child(1) > div:nth-child(3) > article > div.product-option__foot.center > button}
11:13:03.319 INFO - Executing: [find element: By.cssSelector: #app > div.fullheight.footer-wrap.footer-wrap--qb > div:nth-child(2) > div.bkg--navy.vpad--60 > div > div.row > div.col-sm-5.col-md-7 > ul > li:nth-child(1) > div > a])
11:13:03.710 WARN - Exception thrown
org.openqa.selenium.NoSuchElementException: no such element: Unable to locate element: {"method":"css selector","selector":"#app > div.fullheight.footer-wrap.footer-wrap--qb > div:nth-child(2) > div.bkg--navy.vpad--60 > div > div.row > div.col-sm-5.col-md-7 > ul > li:nth-child(1) > div > a"}
  (Session info: chrome=56.0.2924.87)
  (Driver info: chromedriver=2.27.440174 (e97a722caafc2d3a8b807ee115bfb307f7d2cfd9),platform=Mac OS X 10.11.1 x86_64) (WARNING: The server did not provide any stacktrace information)
Command duration or timeout: 20 milliseconds
For documentation on this error, please visit: http://seleniumhq.org/exceptions/no_such_element.html
Build info: version: '2.53.0', revision: '35ae25b', time: '2016-03-15 17:00:58'
System info: host: 'Srirams-MacBook-Pro-2.local', ip: '192.168.0.11', os.name: 'Mac OS X', os.arch: 'x86_64', os.version: '10.11.1', java.version: '1.8.0_60'
Driver info: org.openqa.selenium.chrome.ChromeDriver
Capabilities [{applicationCacheEnabled=false, rotatable=false, mobileEmulationEnabled=false, networkConnectionEnabled=false, chrome={chromedriverVersion=2.27.440174 (e97a722caafc2d3a8b807ee115bfb307f7d2cfd9), userDataDir=/var/folders/7m/6_w0bn_x0vl5cwqjlkhfvzdm0000gn/T/.org.chromium.Chromium.ZaKRGG}, takesHeapSnapshot=true, pageLoadStrategy=normal, databaseEnabled=false, handlesAlerts=true, hasTouchScreen=false, version=56.0.2924.87, platform=MAC, browserConnectionEnabled=false, nativeEvents=true, acceptSslCerts=true, locationContextEnabled=true, webStorageEnabled=true, browserName=chrome, takesScreenshot=true, javascriptEnabled=true, cssSelectorsEnabled=true, unexpectedAlertBehaviour=}]
Session ID: 336128050aceec829bca56e616ba7dd7
*** Element info: {Using=css selector, value=#app > div.fullheight.footer-wrap.footer-wrap--qb > div:nth-child(2) > div.bkg--navy.vpad--60 > div > div.row > div.col-sm-5.col-md-7 > ul > li:nth-child(1) > div > a}
	at sun.reflect.NativeConstructorAccessorImpl.newInstance0(Native Method)
	at sun.reflect.NativeConstructorAccessorImpl.newInstance(NativeConstructorAccessorImpl.java:62)
	at sun.reflect.DelegatingConstructorAccessorImpl.newInstance(DelegatingConstructorAccessorImpl.java:45)
	at java.lang.reflect.Constructor.newInstance(Constructor.java:422)
	at org.openqa.selenium.remote.ErrorHandler.createThrowable(ErrorHandler.java:206)
	at org.openqa.selenium.remote.ErrorHandler.throwIfResponseFailed(ErrorHandler.java:158)
	at org.openqa.selenium.remote.RemoteWebDriver.execute(RemoteWebDriver.java:678)
	at org.openqa.selenium.remote.RemoteWebDriver.findElement(RemoteWebDriver.java:363)
	at org.openqa.selenium.remote.RemoteWebDriver.findElementByCssSelector(RemoteWebDriver.java:492)
	at org.openqa.selenium.By$ByCssSelector.findElement(By.java:430)
	at org.openqa.selenium.remote.RemoteWebDriver.findElement(RemoteWebDriver.java:355)
	at sun.reflect.GeneratedMethodAccessor12.invoke(Unknown Source)
	at sun.reflect.DelegatingMethodAccessorImpl.invoke(DelegatingMethodAccessorImpl.java:43)
	at java.lang.reflect.Method.invoke(Method.java:497)
	at org.openqa.selenium.support.events.EventFiringWebDriver$2.invoke(EventFiringWebDriver.java:103)
	at com.sun.proxy.$Proxy1.findElement(Unknown Source)
	at org.openqa.selenium.support.events.EventFiringWebDriver.findElement(EventFiringWebDriver.java:188)
	at org.openqa.selenium.remote.server.handler.FindElement.call(FindElement.java:48)
	at org.openqa.selenium.remote.server.handler.FindElement.call(FindElement.java:1)
	at java.util.concurrent.FutureTask.run(FutureTask.java:266)
	at org.openqa.selenium.remote.server.DefaultSession$1.run(DefaultSession.java:176)
	at java.util.concurrent.ThreadPoolExecutor.runWorker(ThreadPoolExecutor.java:1142)
	at java.util.concurrent.ThreadPoolExecutor$Worker.run(ThreadPoolExecutor.java:617)
	at java.lang.Thread.run(Thread.java:745)
11:13:03.710 WARN - Exception: no such element: Unable to locate element: {"method":"css selector","selector":"#app > div.fullheight.footer-wrap.footer-wrap--qb > div:nth-child(2) > div.bkg--navy.vpad--60 > div > div.row > div.col-sm-5.col-md-7 > ul > li:nth-child(1) > div > a"}
  (Session info: chrome=56.0.2924.87)
  (Driver info: chromedriver=2.27.440174 (e97a722caafc2d3a8b807ee115bfb307f7d2cfd9),platform=Mac OS X 10.11.1 x86_64) (WARNING: The server did not provide any stacktrace information)
Command duration or timeout: 20 milliseconds
For documentation on this error, please visit: http://seleniumhq.org/exceptions/no_such_element.html
Build info: version: '2.53.0', revision: '35ae25b', time: '2016-03-15 17:00:58'
System info: host: 'Srirams-MacBook-Pro-2.local', ip: '192.168.0.11', os.name: 'Mac OS X', os.arch: 'x86_64', os.version: '10.11.1', java.version: '1.8.0_60'
Driver info: org.openqa.selenium.chrome.ChromeDriver
Capabilities [{applicationCacheEnabled=false, rotatable=false, mobileEmulationEnabled=false, networkConnectionEnabled=false, chrome={chromedriverVersion=2.27.440174 (e97a722caafc2d3a8b807ee115bfb307f7d2cfd9), userDataDir=/var/folders/7m/6_w0bn_x0vl5cwqjlkhfvzdm0000gn/T/.org.chromium.Chromium.ZaKRGG}, takesHeapSnapshot=true, pageLoadStrategy=normal, databaseEnabled=false, handlesAlerts=true, hasTouchScreen=false, version=56.0.2924.87, platform=MAC, browserConnectionEnabled=false, nativeEvents=true, acceptSslCerts=true, locationContextEnabled=true, webStorageEnabled=true, browserName=chrome, takesScreenshot=true, javascriptEnabled=true, cssSelectorsEnabled=true, unexpectedAlertBehaviour=}]
Session ID: 336128050aceec829bca56e616ba7dd7
*** Element info: {Using=css selector, value=#app > div.fullheight.footer-wrap.footer-wrap--qb > div:nth-child(2) > div.bkg--navy.vpad--60 > div > div.row > div.col-sm-5.col-md-7 > ul > li:nth-child(1) > div > a}
11:13:04.251 INFO - Executing: [find element: By.cssSelector: #app > div.fullheight.footer-wrap.footer-wrap--qb > div:nth-child(2) > div.bkg--navy.vpad--60 > div > div.row > div.col-sm-5.col-md-7 > ul > li:nth-child(2) > div > a])
11:13:04.664 WARN - Exception thrown
org.openqa.selenium.NoSuchElementException: no such element: Unable to locate element: {"method":"css selector","selector":"#app > div.fullheight.footer-wrap.footer-wrap--qb > div:nth-child(2) > div.bkg--navy.vpad--60 > div > div.row > div.col-sm-5.col-md-7 > ul > li:nth-child(2) > div > a"}
  (Session info: chrome=56.0.2924.87)
  (Driver info: chromedriver=2.27.440174 (e97a722caafc2d3a8b807ee115bfb307f7d2cfd9),platform=Mac OS X 10.11.1 x86_64) (WARNING: The server did not provide any stacktrace information)
Command duration or timeout: 30 milliseconds
For documentation on this error, please visit: http://seleniumhq.org/exceptions/no_such_element.html
Build info: version: '2.53.0', revision: '35ae25b', time: '2016-03-15 17:00:58'
System info: host: 'Srirams-MacBook-Pro-2.local', ip: '192.168.0.11', os.name: 'Mac OS X', os.arch: 'x86_64', os.version: '10.11.1', java.version: '1.8.0_60'
Driver info: org.openqa.selenium.chrome.ChromeDriver
Capabilities [{applicationCacheEnabled=false, rotatable=false, mobileEmulationEnabled=false, networkConnectionEnabled=false, chrome={chromedriverVersion=2.27.440174 (e97a722caafc2d3a8b807ee115bfb307f7d2cfd9), userDataDir=/var/folders/7m/6_w0bn_x0vl5cwqjlkhfvzdm0000gn/T/.org.chromium.Chromium.ZaKRGG}, takesHeapSnapshot=true, pageLoadStrategy=normal, databaseEnabled=false, handlesAlerts=true, hasTouchScreen=false, version=56.0.2924.87, platform=MAC, browserConnectionEnabled=false, nativeEvents=true, acceptSslCerts=true, locationContextEnabled=true, webStorageEnabled=true, browserName=chrome, takesScreenshot=true, javascriptEnabled=true, cssSelectorsEnabled=true, unexpectedAlertBehaviour=}]
Session ID: 336128050aceec829bca56e616ba7dd7
*** Element info: {Using=css selector, value=#app > div.fullheight.footer-wrap.footer-wrap--qb > div:nth-child(2) > div.bkg--navy.vpad--60 > div > div.row > div.col-sm-5.col-md-7 > ul > li:nth-child(2) > div > a}
	at sun.reflect.NativeConstructorAccessorImpl.newInstance0(Native Method)
	at sun.reflect.NativeConstructorAccessorImpl.newInstance(NativeConstructorAccessorImpl.java:62)
	at sun.reflect.DelegatingConstructorAccessorImpl.newInstance(DelegatingConstructorAccessorImpl.java:45)
	at java.lang.reflect.Constructor.newInstance(Constructor.java:422)
	at org.openqa.selenium.remote.ErrorHandler.createThrowable(ErrorHandler.java:206)
	at org.openqa.selenium.remote.ErrorHandler.throwIfResponseFailed(ErrorHandler.java:158)
	at org.openqa.selenium.remote.RemoteWebDriver.execute(RemoteWebDriver.java:678)
	at org.openqa.selenium.remote.RemoteWebDriver.findElement(RemoteWebDriver.java:363)
	at org.openqa.selenium.remote.RemoteWebDriver.findElementByCssSelector(RemoteWebDriver.java:492)
	at org.openqa.selenium.By$ByCssSelector.findElement(By.java:430)
	at org.openqa.selenium.remote.RemoteWebDriver.findElement(RemoteWebDriver.java:355)
	at sun.reflect.GeneratedMethodAccessor12.invoke(Unknown Source)
	at sun.reflect.DelegatingMethodAccessorImpl.invoke(DelegatingMethodAccessorImpl.java:43)
	at java.lang.reflect.Method.invoke(Method.java:497)
	at org.openqa.selenium.support.events.EventFiringWebDriver$2.invoke(EventFiringWebDriver.java:103)
	at com.sun.proxy.$Proxy1.findElement(Unknown Source)
	at org.openqa.selenium.support.events.EventFiringWebDriver.findElement(EventFiringWebDriver.java:188)
	at org.openqa.selenium.remote.server.handler.FindElement.call(FindElement.java:48)
	at org.openqa.selenium.remote.server.handler.FindElement.call(FindElement.java:1)
	at java.util.concurrent.FutureTask.run(FutureTask.java:266)
	at org.openqa.selenium.remote.server.DefaultSession$1.run(DefaultSession.java:176)
	at java.util.concurrent.ThreadPoolExecutor.runWorker(ThreadPoolExecutor.java:1142)
	at java.util.concurrent.ThreadPoolExecutor$Worker.run(ThreadPoolExecutor.java:617)
	at java.lang.Thread.run(Thread.java:745)
11:13:04.665 WARN - Exception: no such element: Unable to locate element: {"method":"css selector","selector":"#app > div.fullheight.footer-wrap.footer-wrap--qb > div:nth-child(2) > div.bkg--navy.vpad--60 > div > div.row > div.col-sm-5.col-md-7 > ul > li:nth-child(2) > div > a"}
  (Session info: chrome=56.0.2924.87)
  (Driver info: chromedriver=2.27.440174 (e97a722caafc2d3a8b807ee115bfb307f7d2cfd9),platform=Mac OS X 10.11.1 x86_64) (WARNING: The server did not provide any stacktrace information)
Command duration or timeout: 30 milliseconds
For documentation on this error, please visit: http://seleniumhq.org/exceptions/no_such_element.html
Build info: version: '2.53.0', revision: '35ae25b', time: '2016-03-15 17:00:58'
System info: host: 'Srirams-MacBook-Pro-2.local', ip: '192.168.0.11', os.name: 'Mac OS X', os.arch: 'x86_64', os.version: '10.11.1', java.version: '1.8.0_60'
Driver info: org.openqa.selenium.chrome.ChromeDriver
Capabilities [{applicationCacheEnabled=false, rotatable=false, mobileEmulationEnabled=false, networkConnectionEnabled=false, chrome={chromedriverVersion=2.27.440174 (e97a722caafc2d3a8b807ee115bfb307f7d2cfd9), userDataDir=/var/folders/7m/6_w0bn_x0vl5cwqjlkhfvzdm0000gn/T/.org.chromium.Chromium.ZaKRGG}, takesHeapSnapshot=true, pageLoadStrategy=normal, databaseEnabled=false, handlesAlerts=true, hasTouchScreen=false, version=56.0.2924.87, platform=MAC, browserConnectionEnabled=false, nativeEvents=true, acceptSslCerts=true, locationContextEnabled=true, webStorageEnabled=true, browserName=chrome, takesScreenshot=true, javascriptEnabled=true, cssSelectorsEnabled=true, unexpectedAlertBehaviour=}]
Session ID: 336128050aceec829bca56e616ba7dd7
*** Element info: {Using=css selector, value=#app > div.fullheight.footer-wrap.footer-wrap--qb > div:nth-child(2) > div.bkg--navy.vpad--60 > div > div.row > div.col-sm-5.col-md-7 > ul > li:nth-child(2) > div > a}
11:13:05.213 INFO - Executing: [find element: By.cssSelector: #app > div.fullheight.footer-wrap.footer-wrap--qb > div:nth-child(2) > div.bkg--navy.vpad--60 > div > div.row > div.col-sm-5.col-md-7 > ul > li:nth-child(3) > div > a])
11:13:05.633 WARN - Exception thrown
org.openqa.selenium.NoSuchElementException: no such element: Unable to locate element: {"method":"css selector","selector":"#app > div.fullheight.footer-wrap.footer-wrap--qb > div:nth-child(2) > div.bkg--navy.vpad--60 > div > div.row > div.col-sm-5.col-md-7 > ul > li:nth-child(3) > div > a"}
  (Session info: chrome=56.0.2924.87)
  (Driver info: chromedriver=2.27.440174 (e97a722caafc2d3a8b807ee115bfb307f7d2cfd9),platform=Mac OS X 10.11.1 x86_64) (WARNING: The server did not provide any stacktrace information)
Command duration or timeout: 20 milliseconds
For documentation on this error, please visit: http://seleniumhq.org/exceptions/no_such_element.html
Build info: version: '2.53.0', revision: '35ae25b', time: '2016-03-15 17:00:58'
System info: host: 'Srirams-MacBook-Pro-2.local', ip: '192.168.0.11', os.name: 'Mac OS X', os.arch: 'x86_64', os.version: '10.11.1', java.version: '1.8.0_60'
Driver info: org.openqa.selenium.chrome.ChromeDriver
Capabilities [{applicationCacheEnabled=false, rotatable=false, mobileEmulationEnabled=false, networkConnectionEnabled=false, chrome={chromedriverVersion=2.27.440174 (e97a722caafc2d3a8b807ee115bfb307f7d2cfd9), userDataDir=/var/folders/7m/6_w0bn_x0vl5cwqjlkhfvzdm0000gn/T/.org.chromium.Chromium.ZaKRGG}, takesHeapSnapshot=true, pageLoadStrategy=normal, databaseEnabled=false, handlesAlerts=true, hasTouchScreen=false, version=56.0.2924.87, platform=MAC, browserConnectionEnabled=false, nativeEvents=true, acceptSslCerts=true, locationContextEnabled=true, webStorageEnabled=true, browserName=chrome, takesScreenshot=true, javascriptEnabled=true, cssSelectorsEnabled=true, unexpectedAlertBehaviour=}]
Session ID: 336128050aceec829bca56e616ba7dd7
*** Element info: {Using=css selector, value=#app > div.fullheight.footer-wrap.footer-wrap--qb > div:nth-child(2) > div.bkg--navy.vpad--60 > div > div.row > div.col-sm-5.col-md-7 > ul > li:nth-child(3) > div > a}
	at sun.reflect.NativeConstructorAccessorImpl.newInstance0(Native Method)
	at sun.reflect.NativeConstructorAccessorImpl.newInstance(NativeConstructorAccessorImpl.java:62)
	at sun.reflect.DelegatingConstructorAccessorImpl.newInstance(DelegatingConstructorAccessorImpl.java:45)
	at java.lang.reflect.Constructor.newInstance(Constructor.java:422)
	at org.openqa.selenium.remote.ErrorHandler.createThrowable(ErrorHandler.java:206)
	at org.openqa.selenium.remote.ErrorHandler.throwIfResponseFailed(ErrorHandler.java:158)
	at org.openqa.selenium.remote.RemoteWebDriver.execute(RemoteWebDriver.java:678)
	at org.openqa.selenium.remote.RemoteWebDriver.findElement(RemoteWebDriver.java:363)
	at org.openqa.selenium.remote.RemoteWebDriver.findElementByCssSelector(RemoteWebDriver.java:492)
	at org.openqa.selenium.By$ByCssSelector.findElement(By.java:430)
	at org.openqa.selenium.remote.RemoteWebDriver.findElement(RemoteWebDriver.java:355)
	at sun.reflect.GeneratedMethodAccessor12.invoke(Unknown Source)
	at sun.reflect.DelegatingMethodAccessorImpl.invoke(DelegatingMethodAccessorImpl.java:43)
	at java.lang.reflect.Method.invoke(Method.java:497)
	at org.openqa.selenium.support.events.EventFiringWebDriver$2.invoke(EventFiringWebDriver.java:103)
	at com.sun.proxy.$Proxy1.findElement(Unknown Source)
	at org.openqa.selenium.support.events.EventFiringWebDriver.findElement(EventFiringWebDriver.java:188)
	at org.openqa.selenium.remote.server.handler.FindElement.call(FindElement.java:48)
	at org.openqa.selenium.remote.server.handler.FindElement.call(FindElement.java:1)
	at java.util.concurrent.FutureTask.run(FutureTask.java:266)
	at org.openqa.selenium.remote.server.DefaultSession$1.run(DefaultSession.java:176)
	at java.util.concurrent.ThreadPoolExecutor.runWorker(ThreadPoolExecutor.java:1142)
	at java.util.concurrent.ThreadPoolExecutor$Worker.run(ThreadPoolExecutor.java:617)
	at java.lang.Thread.run(Thread.java:745)
11:13:05.633 WARN - Exception: no such element: Unable to locate element: {"method":"css selector","selector":"#app > div.fullheight.footer-wrap.footer-wrap--qb > div:nth-child(2) > div.bkg--navy.vpad--60 > div > div.row > div.col-sm-5.col-md-7 > ul > li:nth-child(3) > div > a"}
  (Session info: chrome=56.0.2924.87)
  (Driver info: chromedriver=2.27.440174 (e97a722caafc2d3a8b807ee115bfb307f7d2cfd9),platform=Mac OS X 10.11.1 x86_64) (WARNING: The server did not provide any stacktrace information)
Command duration or timeout: 20 milliseconds
For documentation on this error, please visit: http://seleniumhq.org/exceptions/no_such_element.html
Build info: version: '2.53.0', revision: '35ae25b', time: '2016-03-15 17:00:58'
System info: host: 'Srirams-MacBook-Pro-2.local', ip: '192.168.0.11', os.name: 'Mac OS X', os.arch: 'x86_64', os.version: '10.11.1', java.version: '1.8.0_60'
Driver info: org.openqa.selenium.chrome.ChromeDriver
Capabilities [{applicationCacheEnabled=false, rotatable=false, mobileEmulationEnabled=false, networkConnectionEnabled=false, chrome={chromedriverVersion=2.27.440174 (e97a722caafc2d3a8b807ee115bfb307f7d2cfd9), userDataDir=/var/folders/7m/6_w0bn_x0vl5cwqjlkhfvzdm0000gn/T/.org.chromium.Chromium.ZaKRGG}, takesHeapSnapshot=true, pageLoadStrategy=normal, databaseEnabled=false, handlesAlerts=true, hasTouchScreen=false, version=56.0.2924.87, platform=MAC, browserConnectionEnabled=false, nativeEvents=true, acceptSslCerts=true, locationContextEnabled=true, webStorageEnabled=true, browserName=chrome, takesScreenshot=true, javascriptEnabled=true, cssSelectorsEnabled=true, unexpectedAlertBehaviour=}]
Session ID: 336128050aceec829bca56e616ba7dd7
*** Element info: {Using=css selector, value=#app > div.fullheight.footer-wrap.footer-wrap--qb > div:nth-child(2) > div.bkg--navy.vpad--60 > div > div.row > div.col-sm-5.col-md-7 > ul > li:nth-child(3) > div > a}
11:13:06.212 INFO - Executing: [find element: By.cssSelector: #app > div.fullheight.footer-wrap.footer-wrap--qb > div:nth-child(2) > div.bkg--navy.vpad--60 > div > div.row > div.col-sm-7.col-md-5 > div.hidden-xs > div > div > div.product-option__foot.clearfix.hidden-xs > button:nth-child(2)])
11:13:06.629 WARN - Exception thrown
org.openqa.selenium.NoSuchElementException: no such element: Unable to locate element: {"method":"css selector","selector":"#app > div.fullheight.footer-wrap.footer-wrap--qb > div:nth-child(2) > div.bkg--navy.vpad--60 > div > div.row > div.col-sm-7.col-md-5 > div.hidden-xs > div > div > div.product-option__foot.clearfix.hidden-xs > button:nth-child(2)"}
  (Session info: chrome=56.0.2924.87)
  (Driver info: chromedriver=2.27.440174 (e97a722caafc2d3a8b807ee115bfb307f7d2cfd9),platform=Mac OS X 10.11.1 x86_64) (WARNING: The server did not provide any stacktrace information)
Command duration or timeout: 23 milliseconds
For documentation on this error, please visit: http://seleniumhq.org/exceptions/no_such_element.html
Build info: version: '2.53.0', revision: '35ae25b', time: '2016-03-15 17:00:58'
System info: host: 'Srirams-MacBook-Pro-2.local', ip: '192.168.0.11', os.name: 'Mac OS X', os.arch: 'x86_64', os.version: '10.11.1', java.version: '1.8.0_60'
Driver info: org.openqa.selenium.chrome.ChromeDriver
Capabilities [{applicationCacheEnabled=false, rotatable=false, mobileEmulationEnabled=false, networkConnectionEnabled=false, chrome={chromedriverVersion=2.27.440174 (e97a722caafc2d3a8b807ee115bfb307f7d2cfd9), userDataDir=/var/folders/7m/6_w0bn_x0vl5cwqjlkhfvzdm0000gn/T/.org.chromium.Chromium.ZaKRGG}, takesHeapSnapshot=true, pageLoadStrategy=normal, databaseEnabled=false, handlesAlerts=true, hasTouchScreen=false, version=56.0.2924.87, platform=MAC, browserConnectionEnabled=false, nativeEvents=true, acceptSslCerts=true, locationContextEnabled=true, webStorageEnabled=true, browserName=chrome, takesScreenshot=true, javascriptEnabled=true, cssSelectorsEnabled=true, unexpectedAlertBehaviour=}]
Session ID: 336128050aceec829bca56e616ba7dd7
*** Element info: {Using=css selector, value=#app > div.fullheight.footer-wrap.footer-wrap--qb > div:nth-child(2) > div.bkg--navy.vpad--60 > div > div.row > div.col-sm-7.col-md-5 > div.hidden-xs > div > div > div.product-option__foot.clearfix.hidden-xs > button:nth-child(2)}
	at sun.reflect.NativeConstructorAccessorImpl.newInstance0(Native Method)
	at sun.reflect.NativeConstructorAccessorImpl.newInstance(NativeConstructorAccessorImpl.java:62)
	at sun.reflect.DelegatingConstructorAccessorImpl.newInstance(DelegatingConstructorAccessorImpl.java:45)
	at java.lang.reflect.Constructor.newInstance(Constructor.java:422)
	at org.openqa.selenium.remote.ErrorHandler.createThrowable(ErrorHandler.java:206)
	at org.openqa.selenium.remote.ErrorHandler.throwIfResponseFailed(ErrorHandler.java:158)
	at org.openqa.selenium.remote.RemoteWebDriver.execute(RemoteWebDriver.java:678)
	at org.openqa.selenium.remote.RemoteWebDriver.findElement(RemoteWebDriver.java:363)
	at org.openqa.selenium.remote.RemoteWebDriver.findElementByCssSelector(RemoteWebDriver.java:492)
	at org.openqa.selenium.By$ByCssSelector.findElement(By.java:430)
	at org.openqa.selenium.remote.RemoteWebDriver.findElement(RemoteWebDriver.java:355)
	at sun.reflect.GeneratedMethodAccessor12.invoke(Unknown Source)
	at sun.reflect.DelegatingMethodAccessorImpl.invoke(DelegatingMethodAccessorImpl.java:43)
	at java.lang.reflect.Method.invoke(Method.java:497)
	at org.openqa.selenium.support.events.EventFiringWebDriver$2.invoke(EventFiringWebDriver.java:103)
	at com.sun.proxy.$Proxy1.findElement(Unknown Source)
	at org.openqa.selenium.support.events.EventFiringWebDriver.findElement(EventFiringWebDriver.java:188)
	at org.openqa.selenium.remote.server.handler.FindElement.call(FindElement.java:48)
	at org.openqa.selenium.remote.server.handler.FindElement.call(FindElement.java:1)
	at java.util.concurrent.FutureTask.run(FutureTask.java:266)
	at org.openqa.selenium.remote.server.DefaultSession$1.run(DefaultSession.java:176)
	at java.util.concurrent.ThreadPoolExecutor.runWorker(ThreadPoolExecutor.java:1142)
	at java.util.concurrent.ThreadPoolExecutor$Worker.run(ThreadPoolExecutor.java:617)
	at java.lang.Thread.run(Thread.java:745)
11:13:06.629 WARN - Exception: no such element: Unable to locate element: {"method":"css selector","selector":"#app > div.fullheight.footer-wrap.footer-wrap--qb > div:nth-child(2) > div.bkg--navy.vpad--60 > div > div.row > div.col-sm-7.col-md-5 > div.hidden-xs > div > div > div.product-option__foot.clearfix.hidden-xs > button:nth-child(2)"}
  (Session info: chrome=56.0.2924.87)
  (Driver info: chromedriver=2.27.440174 (e97a722caafc2d3a8b807ee115bfb307f7d2cfd9),platform=Mac OS X 10.11.1 x86_64) (WARNING: The server did not provide any stacktrace information)
Command duration or timeout: 23 milliseconds
For documentation on this error, please visit: http://seleniumhq.org/exceptions/no_such_element.html
Build info: version: '2.53.0', revision: '35ae25b', time: '2016-03-15 17:00:58'
System info: host: 'Srirams-MacBook-Pro-2.local', ip: '192.168.0.11', os.name: 'Mac OS X', os.arch: 'x86_64', os.version: '10.11.1', java.version: '1.8.0_60'
Driver info: org.openqa.selenium.chrome.ChromeDriver
Capabilities [{applicationCacheEnabled=false, rotatable=false, mobileEmulationEnabled=false, networkConnectionEnabled=false, chrome={chromedriverVersion=2.27.440174 (e97a722caafc2d3a8b807ee115bfb307f7d2cfd9), userDataDir=/var/folders/7m/6_w0bn_x0vl5cwqjlkhfvzdm0000gn/T/.org.chromium.Chromium.ZaKRGG}, takesHeapSnapshot=true, pageLoadStrategy=normal, databaseEnabled=false, handlesAlerts=true, hasTouchScreen=false, version=56.0.2924.87, platform=MAC, browserConnectionEnabled=false, nativeEvents=true, acceptSslCerts=true, locationContextEnabled=true, webStorageEnabled=true, browserName=chrome, takesScreenshot=true, javascriptEnabled=true, cssSelectorsEnabled=true, unexpectedAlertBehaviour=}]
Session ID: 336128050aceec829bca56e616ba7dd7
*** Element info: {Using=css selector, value=#app > div.fullheight.footer-wrap.footer-wrap--qb > div:nth-child(2) > div.bkg--navy.vpad--60 > div > div.row > div.col-sm-7.col-md-5 > div.hidden-xs > div > div > div.product-option__foot.clearfix.hidden-xs > button:nth-child(2)}
11:13:06.672 INFO - Executing: [find elements: By.cssSelector: h1.fullstop.flow])
11:13:06.691 INFO - Done: [find elements: By.cssSelector: h1.fullstop.flow]
11:13:07.197 INFO - Executing: [find elements: By.cssSelector: h1.fullstop.flow])
11:13:07.206 INFO - Done: [find elements: By.cssSelector: h1.fullstop.flow]
11:13:07.712 INFO - Executing: [find elements: By.cssSelector: h1.fullstop.flow])
11:13:07.721 INFO - Done: [find elements: By.cssSelector: h1.fullstop.flow]
11:13:08.225 INFO - Executing: [find elements: By.cssSelector: h1.fullstop.flow])
11:13:08.237 INFO - Done: [find elements: By.cssSelector: h1.fullstop.flow]
11:13:08.745 INFO - Executing: [find elements: By.cssSelector: h1.fullstop.flow])
11:13:08.755 INFO - Done: [find elements: By.cssSelector: h1.fullstop.flow]
11:13:09.263 INFO - Executing: [find elements: By.cssSelector: h1.fullstop.flow])
11:13:09.272 INFO - Done: [find elements: By.cssSelector: h1.fullstop.flow]
11:13:09.779 INFO - Executing: [find elements: By.cssSelector: h1.fullstop.flow])
11:13:09.788 INFO - Done: [find elements: By.cssSelector: h1.fullstop.flow]
11:13:10.292 INFO - Executing: [find elements: By.cssSelector: h1.fullstop.flow])
11:13:10.318 INFO - Done: [find elements: By.cssSelector: h1.fullstop.flow]
11:13:10.822 INFO - Executing: [find elements: By.cssSelector: h1.fullstop.flow])
11:13:10.833 INFO - Done: [find elements: By.cssSelector: h1.fullstop.flow]
11:13:11.340 INFO - Executing: [find elements: By.cssSelector: h1.fullstop.flow])
11:13:11.350 INFO - Done: [find elements: By.cssSelector: h1.fullstop.flow]
11:13:11.857 INFO - Executing: [find elements: By.cssSelector: h1.fullstop.flow])
11:13:11.867 INFO - Done: [find elements: By.cssSelector: h1.fullstop.flow]
11:13:12.375 INFO - Executing: [find elements: By.cssSelector: h1.fullstop.flow])
11:13:12.384 INFO - Done: [find elements: By.cssSelector: h1.fullstop.flow]
11:13:12.891 INFO - Executing: [find elements: By.cssSelector: h1.fullstop.flow])
11:13:12.925 INFO - Done: [find elements: By.cssSelector: h1.fullstop.flow]
11:13:12.927 INFO - Executing: [is displayed: 35 [[ChromeDriver: chrome on MAC (336128050aceec829bca56e616ba7dd7)] -> css selector: h1.fullstop.flow]])
11:13:12.958 INFO - Done: [is displayed: 35 [[ChromeDriver: chrome on MAC (336128050aceec829bca56e616ba7dd7)] -> css selector: h1.fullstop.flow]]
11:13:12.972 INFO - Executing: [find elements: By.cssSelector: #policy_holders_1_title > span > a])
11:13:12.998 INFO - Done: [find elements: By.cssSelector: #policy_holders_1_title > span > a]
11:13:13.506 INFO - Executing: [find elements: By.cssSelector: #policy_holders_1_title > span > a])
11:13:13.516 INFO - Done: [find elements: By.cssSelector: #policy_holders_1_title > span > a]
11:13:14.018 INFO - Executing: [find elements: By.cssSelector: #policy_holders_1_title > span > a])
11:13:14.028 INFO - Done: [find elements: By.cssSelector: #policy_holders_1_title > span > a]
11:13:14.535 INFO - Executing: [find elements: By.cssSelector: #policy_holders_1_title > span > a])
11:13:14.545 INFO - Done: [find elements: By.cssSelector: #policy_holders_1_title > span > a]
11:13:15.051 INFO - Executing: [find elements: By.cssSelector: #policy_holders_1_title > span > a])
11:13:15.060 INFO - Done: [find elements: By.cssSelector: #policy_holders_1_title > span > a]
11:13:15.565 INFO - Executing: [find elements: By.cssSelector: #policy_holders_1_title > span > a])
11:13:15.574 INFO - Done: [find elements: By.cssSelector: #policy_holders_1_title > span > a]
11:13:16.082 INFO - Executing: [find elements: By.cssSelector: #policy_holders_1_title > span > a])
11:13:16.090 INFO - Done: [find elements: By.cssSelector: #policy_holders_1_title > span > a]
11:13:16.595 INFO - Executing: [find elements: By.cssSelector: #policy_holders_1_title > span > a])
11:13:16.604 INFO - Done: [find elements: By.cssSelector: #policy_holders_1_title > span > a]
11:13:17.111 INFO - Executing: [find elements: By.cssSelector: #policy_holders_1_title > span > a])
11:13:17.120 INFO - Done: [find elements: By.cssSelector: #policy_holders_1_title > span > a]
11:13:17.626 INFO - Executing: [find elements: By.cssSelector: #policy_holders_1_title > span > a])
11:13:17.636 INFO - Done: [find elements: By.cssSelector: #policy_holders_1_title > span > a]
11:13:18.143 INFO - Executing: [find elements: By.cssSelector: #policy_holders_1_title > span > a])
11:13:18.153 INFO - Done: [find elements: By.cssSelector: #policy_holders_1_title > span > a]
11:13:18.660 INFO - Executing: [find elements: By.cssSelector: #policy_holders_1_title > span > a])
11:13:18.669 INFO - Done: [find elements: By.cssSelector: #policy_holders_1_title > span > a]
11:13:19.176 INFO - Executing: [find elements: By.cssSelector: #policy_holders_1_title > span > a])
11:13:19.184 INFO - Done: [find elements: By.cssSelector: #policy_holders_1_title > span > a]
11:13:19.693 INFO - Executing: [find elements: By.cssSelector: #policy_holders_1_title > span > a])
11:13:19.702 INFO - Done: [find elements: By.cssSelector: #policy_holders_1_title > span > a]
11:13:20.205 INFO - Executing: [find elements: By.cssSelector: #policy_holders_1_title > span > a])
11:13:20.213 INFO - Done: [find elements: By.cssSelector: #policy_holders_1_title > span > a]
11:13:20.720 INFO - Executing: [find elements: By.cssSelector: #policy_holders_1_title > span > a])
11:13:20.728 INFO - Done: [find elements: By.cssSelector: #policy_holders_1_title > span > a]
11:13:21.235 INFO - Executing: [find elements: By.cssSelector: #policy_holders_1_title > span > a])
11:13:21.247 INFO - Done: [find elements: By.cssSelector: #policy_holders_1_title > span > a]
11:13:21.755 INFO - Executing: [find elements: By.cssSelector: #policy_holders_1_title > span > a])
11:13:21.764 INFO - Done: [find elements: By.cssSelector: #policy_holders_1_title > span > a]
11:13:22.269 INFO - Executing: [find elements: By.cssSelector: #policy_holders_1_title > span > a])
11:13:22.279 INFO - Done: [find elements: By.cssSelector: #policy_holders_1_title > span > a]
11:13:22.787 INFO - Executing: [find elements: By.cssSelector: #policy_holders_1_title > span > a])
11:13:22.796 INFO - Done: [find elements: By.cssSelector: #policy_holders_1_title > span > a]
11:13:23.311 INFO - Executing: [find elements: By.cssSelector: #policy_holders_1_title > span > a])
11:13:23.319 INFO - Done: [find elements: By.cssSelector: #policy_holders_1_title > span > a]
11:13:23.327 INFO - Executing: [delete session: 7578d726-75a8-4a5c-b329-b6a5c7c7c57e])
11:13:23.519 INFO - Done: [delete session: 7578d726-75a8-4a5c-b329-b6a5c7c7c57e]
